ERROR 2019-02-21 17:10:22,709 <input> 3 出错日志
ERROR 2019-02-21 17:20:08,993 exceptions 16 服务器内部错误： <users.views.TestView2 object at 0x7f5f8c00cd68>，division by zero
ERROR 2019-02-21 17:20:09,101 basehttp 124 "GET /test2/ HTTP/1.1" 500 6829
INFO 2019-02-21 17:20:09,161 basehttp 124 "GET /static/rest_framework/css/default.css HTTP/1.1" 200 1131
INFO 2019-02-21 17:20:09,162 basehttp 124 "GET /static/rest_framework/css/bootstrap-tweaks.css HTTP/1.1" 200 3385
INFO 2019-02-21 17:20:09,168 basehttp 124 "GET /static/rest_framework/js/ajax-form.js HTTP/1.1" 200 3597
INFO 2019-02-21 17:20:09,169 basehttp 124 "GET /static/rest_framework/js/csrf.js HTTP/1.1" 200 1735
INFO 2019-02-21 17:20:09,173 basehttp 124 "GET /static/rest_framework/css/prettify.css HTTP/1.1" 200 817
INFO 2019-02-21 17:20:09,184 basehttp 124 "GET /static/rest_framework/js/bootstrap.min.js HTTP/1.1" 200 37045
INFO 2019-02-21 17:20:09,185 basehttp 124 "GET /static/rest_framework/js/default.js HTTP/1.1" 200 1268
INFO 2019-02-21 17:20:09,194 basehttp 124 "GET /static/rest_framework/css/bootstrap.min.css HTTP/1.1" 200 121200
INFO 2019-02-21 17:20:09,207 basehttp 124 "GET /static/rest_framework/js/prettify-min.js HTTP/1.1" 200 13632
INFO 2019-02-21 17:20:09,209 basehttp 124 "GET /static/rest_framework/js/jquery-3.3.1.min.js HTTP/1.1" 200 86927
INFO 2019-02-21 17:20:09,267 basehttp 124 "GET /static/rest_framework/img/grid.png HTTP/1.1" 200 1458
ERROR 2019-02-21 17:21:39,325 exceptions 16 服务器内部错误： <users.views.TestView2 object at 0x7f5f87520400>，division by zero
ERROR 2019-02-21 17:21:39,352 basehttp 124 "GET /test2/ HTTP/1.1" 500 6829
INFO 2019-02-21 17:21:39,374 basehttp 124 "GET /static/rest_framework/css/bootstrap.min.css HTTP/1.1" 304 0
INFO 2019-02-21 17:21:39,376 basehttp 124 "GET /static/rest_framework/css/bootstrap-tweaks.css HTTP/1.1" 304 0
INFO 2019-02-21 17:21:39,378 basehttp 124 "GET /static/rest_framework/css/prettify.css HTTP/1.1" 304 0
INFO 2019-02-21 17:21:39,380 basehttp 124 "GET /static/rest_framework/css/default.css HTTP/1.1" 304 0
INFO 2019-02-21 17:21:39,383 basehttp 124 "GET /static/rest_framework/js/jquery-3.3.1.min.js HTTP/1.1" 304 0
INFO 2019-02-21 17:21:39,395 basehttp 124 "GET /static/rest_framework/js/ajax-form.js HTTP/1.1" 304 0
INFO 2019-02-21 17:21:39,397 basehttp 124 "GET /static/rest_framework/js/csrf.js HTTP/1.1" 304 0
INFO 2019-02-21 17:21:39,405 basehttp 124 "GET /static/rest_framework/js/default.js HTTP/1.1" 304 0
INFO 2019-02-21 17:21:39,408 basehttp 124 "GET /static/rest_framework/js/bootstrap.min.js HTTP/1.1" 304 0
INFO 2019-02-21 17:21:39,408 basehttp 124 "GET /static/rest_framework/js/prettify-min.js HTTP/1.1" 304 0
ERROR 2019-02-21 17:21:48,434 exceptions 16 服务器内部错误： <users.views.TestView2 object at 0x7f5f875262e8>，division by zero
ERROR 2019-02-21 17:21:48,464 basehttp 124 "GET /test2/ HTTP/1.1" 500 6829
INFO 2019-02-21 17:21:48,481 basehttp 124 "GET /static/rest_framework/css/bootstrap.min.css HTTP/1.1" 304 0
INFO 2019-02-21 17:21:48,482 basehttp 124 "GET /static/rest_framework/css/bootstrap-tweaks.css HTTP/1.1" 304 0
INFO 2019-02-21 17:21:48,483 basehttp 124 "GET /static/rest_framework/css/prettify.css HTTP/1.1" 304 0
INFO 2019-02-21 17:21:48,486 basehttp 124 "GET /static/rest_framework/css/default.css HTTP/1.1" 304 0
INFO 2019-02-21 17:21:48,499 basehttp 124 "GET /static/rest_framework/js/jquery-3.3.1.min.js HTTP/1.1" 304 0
INFO 2019-02-21 17:21:48,504 basehttp 124 "GET /static/rest_framework/js/ajax-form.js HTTP/1.1" 304 0
INFO 2019-02-21 17:21:48,506 basehttp 124 "GET /static/rest_framework/js/csrf.js HTTP/1.1" 304 0
INFO 2019-02-21 17:21:48,518 basehttp 124 "GET /static/rest_framework/js/bootstrap.min.js HTTP/1.1" 304 0
INFO 2019-02-21 17:21:48,525 basehttp 124 "GET /static/rest_framework/js/prettify-min.js HTTP/1.1" 304 0
INFO 2019-02-21 17:21:48,527 basehttp 124 "GET /static/rest_framework/js/default.js HTTP/1.1" 304 0
ERROR 2019-02-21 17:21:49,273 exceptions 16 服务器内部错误： <users.views.TestView2 object at 0x7f5f874d9e80>，division by zero
ERROR 2019-02-21 17:21:49,299 basehttp 124 "GET /test2/ HTTP/1.1" 500 6829
INFO 2019-02-21 17:21:49,326 basehttp 124 "GET /static/rest_framework/css/bootstrap.min.css HTTP/1.1" 304 0
INFO 2019-02-21 17:21:49,328 basehttp 124 "GET /static/rest_framework/css/bootstrap-tweaks.css HTTP/1.1" 304 0
INFO 2019-02-21 17:21:49,330 basehttp 124 "GET /static/rest_framework/css/prettify.css HTTP/1.1" 304 0
INFO 2019-02-21 17:21:49,335 basehttp 124 "GET /static/rest_framework/js/jquery-3.3.1.min.js HTTP/1.1" 304 0
INFO 2019-02-21 17:21:49,338 basehttp 124 "GET /static/rest_framework/css/default.css HTTP/1.1" 304 0
INFO 2019-02-21 17:21:49,344 basehttp 124 "GET /static/rest_framework/js/ajax-form.js HTTP/1.1" 304 0
INFO 2019-02-21 17:21:49,347 basehttp 124 "GET /static/rest_framework/js/csrf.js HTTP/1.1" 304 0
INFO 2019-02-21 17:21:49,348 basehttp 124 "GET /static/rest_framework/js/bootstrap.min.js HTTP/1.1" 304 0
INFO 2019-02-21 17:21:49,362 basehttp 124 "GET /static/rest_framework/js/prettify-min.js HTTP/1.1" 304 0
INFO 2019-02-21 17:21:49,366 basehttp 124 "GET /static/rest_framework/js/default.js HTTP/1.1" 304 0
ERROR 2019-02-21 17:22:56,375 exception 135 Internal Server Error: /test2/
Traceback (most recent call last):
  File "/home/python/.virtualenvs/django_py3/lib/python3.5/site-packages/django/core/handlers/exception.py", line 41, in inner
    response = get_response(request)
  File "/home/python/.virtualenvs/django_py3/lib/python3.5/site-packages/django/core/handlers/base.py", line 187, in _get_response
    response = self.process_exception_by_middleware(e, request)
  File "/home/python/.virtualenvs/django_py3/lib/python3.5/site-packages/django/core/handlers/base.py", line 185, in _get_response
    response = wrapped_callback(request, *callback_args, **callback_kwargs)
  File "/home/python/.virtualenvs/django_py3/lib/python3.5/site-packages/django/views/decorators/csrf.py", line 58, in wrapped_view
    return view_func(*args, **kwargs)
  File "/home/python/.virtualenvs/django_py3/lib/python3.5/site-packages/django/views/generic/base.py", line 68, in view
    return self.dispatch(request, *args, **kwargs)
  File "/home/python/.virtualenvs/django_py3/lib/python3.5/site-packages/rest_framework/views.py", line 495, in dispatch
    response = self.handle_exception(exc)
  File "/home/python/.virtualenvs/django_py3/lib/python3.5/site-packages/rest_framework/views.py", line 455, in handle_exception
    self.raise_uncaught_exception(exc)
  File "/home/python/.virtualenvs/django_py3/lib/python3.5/site-packages/rest_framework/views.py", line 492, in dispatch
    response = handler(request, *args, **kwargs)
  File "/home/python/Desktop/cmstest/cmstest/cmstest/apps/users/views.py", line 16, in get
    aa = 1 / 0
ZeroDivisionError: division by zero
ERROR 2019-02-21 17:22:56,521 basehttp 124 "GET /test2/ HTTP/1.1" 500 93576
INFO 2019-02-21 17:42:11,644 basehttp 124 "OPTIONS /test2/ HTTP/1.1" 200 169
WARNING 2019-02-24 14:13:04,609 base 152 Not Found: /
WARNING 2019-02-24 14:13:04,611 basehttp 124 "GET / HTTP/1.1" 404 2378
WARNING 2019-02-24 14:13:04,993 base 152 Not Found: /favicon.ico
WARNING 2019-02-24 14:13:05,013 basehttp 124 "GET /favicon.ico HTTP/1.1" 404 2429
WARNING 2019-02-24 14:13:46,237 base 152 Not Found: /
WARNING 2019-02-24 14:13:46,247 basehttp 124 "GET / HTTP/1.1" 404 2378
WARNING 2019-02-24 14:13:46,468 base 152 Not Found: /favicon.ico
WARNING 2019-02-24 14:13:46,469 basehttp 124 "GET /favicon.ico HTTP/1.1" 404 2429
INFO 2019-02-24 14:13:53,642 basehttp 124 "GET /test/ HTTP/1.1" 200 166
WARNING 2019-02-24 14:14:19,466 base 152 Not Found: /
WARNING 2019-02-24 14:14:19,485 basehttp 124 "GET / HTTP/1.1" 404 2383
INFO 2019-02-24 14:14:29,088 basehttp 124 "GET /goodstest/ HTTP/1.1" 200 5139
INFO 2019-02-24 14:14:29,129 basehttp 124 "GET /static/rest_framework/js/ajax-form.js HTTP/1.1" 200 3597
INFO 2019-02-24 14:14:29,137 basehttp 124 "GET /static/rest_framework/js/csrf.js HTTP/1.1" 200 1735
INFO 2019-02-24 14:14:29,140 basehttp 124 "GET /static/rest_framework/js/jquery-3.3.1.min.js HTTP/1.1" 200 86927
INFO 2019-02-24 14:14:29,142 basehttp 124 "GET /static/rest_framework/css/bootstrap-tweaks.css HTTP/1.1" 200 3385
INFO 2019-02-24 14:14:29,147 basehttp 124 "GET /static/rest_framework/css/bootstrap.min.css HTTP/1.1" 200 121457
INFO 2019-02-24 14:14:29,161 basehttp 124 "GET /static/rest_framework/js/bootstrap.min.js HTTP/1.1" 200 37608
INFO 2019-02-24 14:14:29,176 basehttp 124 "GET /static/rest_framework/js/default.js HTTP/1.1" 200 1268
INFO 2019-02-24 14:14:29,178 basehttp 124 "GET /static/rest_framework/css/prettify.css HTTP/1.1" 200 817
INFO 2019-02-24 14:14:29,180 basehttp 124 "GET /static/rest_framework/js/prettify-min.js HTTP/1.1" 200 13632
INFO 2019-02-24 14:14:29,186 basehttp 124 "GET /static/rest_framework/css/default.css HTTP/1.1" 200 1131
INFO 2019-02-24 14:14:29,520 basehttp 124 "GET /static/rest_framework/img/grid.png HTTP/1.1" 200 1458
WARNING 2019-02-24 14:47:00,818 base 152 Not Found: /
WARNING 2019-02-24 14:47:00,820 basehttp 124 "GET / HTTP/1.1" 404 2549
ERROR 2019-02-24 14:47:09,645 exception 135 Internal Server Error: /recommendations/
Traceback (most recent call last):
  File "/home/python/.virtualenvs/chen_cms_django/lib/python3.5/site-packages/django/core/handlers/exception.py", line 41, in inner
    response = get_response(request)
  File "/home/python/.virtualenvs/chen_cms_django/lib/python3.5/site-packages/django/core/handlers/base.py", line 187, in _get_response
    response = self.process_exception_by_middleware(e, request)
  File "/home/python/.virtualenvs/chen_cms_django/lib/python3.5/site-packages/django/core/handlers/base.py", line 185, in _get_response
    response = wrapped_callback(request, *callback_args, **callback_kwargs)
  File "/home/python/.virtualenvs/chen_cms_django/lib/python3.5/site-packages/django/views/decorators/csrf.py", line 58, in wrapped_view
    return view_func(*args, **kwargs)
  File "/home/python/.virtualenvs/chen_cms_django/lib/python3.5/site-packages/django/views/generic/base.py", line 68, in view
    return self.dispatch(request, *args, **kwargs)
  File "/home/python/.virtualenvs/chen_cms_django/lib/python3.5/site-packages/rest_framework/views.py", line 495, in dispatch
    response = self.handle_exception(exc)
  File "/home/python/.virtualenvs/chen_cms_django/lib/python3.5/site-packages/rest_framework/views.py", line 455, in handle_exception
    self.raise_uncaught_exception(exc)
  File "/home/python/.virtualenvs/chen_cms_django/lib/python3.5/site-packages/rest_framework/views.py", line 492, in dispatch
    response = handler(request, *args, **kwargs)
  File "/home/python/.virtualenvs/chen_cms_django/lib/python3.5/site-packages/rest_framework/generics.py", line 201, in get
    return self.list(request, *args, **kwargs)
  File "/home/python/.virtualenvs/chen_cms_django/lib/python3.5/site-packages/rest_framework/mixins.py", line 47, in list
    serializer = self.get_serializer(queryset, many=True)
  File "/home/python/.virtualenvs/chen_cms_django/lib/python3.5/site-packages/rest_framework/generics.py", line 112, in get_serializer
    return serializer_class(*args, **kwargs)
TypeError: 'RecommendGoodsSerializer' object is not callable
ERROR 2019-02-24 14:47:09,867 basehttp 124 "GET /recommendations/ HTTP/1.1" 500 104859
INFO 2019-02-24 14:47:41,712 basehttp 124 "GET /recommendations/ HTTP/1.1" 200 6545
INFO 2019-02-24 14:47:41,748 basehttp 124 "GET /static/rest_framework/css/bootstrap.min.css HTTP/1.1" 304 0
INFO 2019-02-24 14:47:41,759 basehttp 124 "GET /static/rest_framework/css/prettify.css HTTP/1.1" 304 0
INFO 2019-02-24 14:47:41,760 basehttp 124 "GET /static/rest_framework/css/bootstrap-tweaks.css HTTP/1.1" 304 0
INFO 2019-02-24 14:47:41,772 basehttp 124 "GET /static/rest_framework/js/jquery-3.3.1.min.js HTTP/1.1" 304 0
INFO 2019-02-24 14:47:41,772 basehttp 124 "GET /static/rest_framework/css/default.css HTTP/1.1" 304 0
INFO 2019-02-24 14:47:41,786 basehttp 124 "GET /static/rest_framework/js/ajax-form.js HTTP/1.1" 304 0
INFO 2019-02-24 14:47:41,787 basehttp 124 "GET /static/rest_framework/js/bootstrap.min.js HTTP/1.1" 304 0
INFO 2019-02-24 14:47:41,799 basehttp 124 "GET /static/rest_framework/js/csrf.js HTTP/1.1" 304 0
INFO 2019-02-24 14:47:41,806 basehttp 124 "GET /static/rest_framework/js/prettify-min.js HTTP/1.1" 304 0
INFO 2019-02-24 14:47:41,812 basehttp 124 "GET /static/rest_framework/js/default.js HTTP/1.1" 304 0
INFO 2019-02-24 14:49:34,407 basehttp 124 "GET /recommendations/ HTTP/1.1" 200 6905
INFO 2019-02-24 14:49:34,466 basehttp 124 "GET /static/rest_framework/js/jquery-3.3.1.min.js HTTP/1.1" 304 0
INFO 2019-02-24 14:49:34,468 basehttp 124 "GET /static/rest_framework/css/bootstrap.min.css HTTP/1.1" 304 0
INFO 2019-02-24 14:49:34,472 basehttp 124 "GET /static/rest_framework/css/prettify.css HTTP/1.1" 304 0
INFO 2019-02-24 14:49:34,477 basehttp 124 "GET /static/rest_framework/css/default.css HTTP/1.1" 304 0
INFO 2019-02-24 14:49:34,480 basehttp 124 "GET /static/rest_framework/css/bootstrap-tweaks.css HTTP/1.1" 304 0
INFO 2019-02-24 14:49:34,495 basehttp 124 "GET /static/rest_framework/js/ajax-form.js HTTP/1.1" 304 0
INFO 2019-02-24 14:49:34,505 basehttp 124 "GET /static/rest_framework/js/bootstrap.min.js HTTP/1.1" 304 0
INFO 2019-02-24 14:49:34,509 basehttp 124 "GET /static/rest_framework/js/csrf.js HTTP/1.1" 304 0
INFO 2019-02-24 14:49:34,527 basehttp 124 "GET /static/rest_framework/js/prettify-min.js HTTP/1.1" 304 0
INFO 2019-02-24 14:49:34,530 basehttp 124 "GET /static/rest_framework/js/default.js HTTP/1.1" 304 0
INFO 2019-02-24 14:53:14,248 basehttp 124 "GET /recommendations/ HTTP/1.1" 200 6905
INFO 2019-02-24 14:53:14,284 basehttp 124 "GET /static/rest_framework/css/prettify.css HTTP/1.1" 304 0
INFO 2019-02-24 14:53:14,287 basehttp 124 "GET /static/rest_framework/css/bootstrap-tweaks.css HTTP/1.1" 304 0
INFO 2019-02-24 14:53:14,288 basehttp 124 "GET /static/rest_framework/css/default.css HTTP/1.1" 304 0
INFO 2019-02-24 14:53:14,289 basehttp 124 "GET /static/rest_framework/css/bootstrap.min.css HTTP/1.1" 304 0
INFO 2019-02-24 14:53:14,304 basehttp 124 "GET /static/rest_framework/js/jquery-3.3.1.min.js HTTP/1.1" 304 0
INFO 2019-02-24 14:53:14,307 basehttp 124 "GET /static/rest_framework/js/ajax-form.js HTTP/1.1" 304 0
INFO 2019-02-24 14:53:14,311 basehttp 124 "GET /static/rest_framework/js/csrf.js HTTP/1.1" 304 0
INFO 2019-02-24 14:53:14,332 basehttp 124 "GET /static/rest_framework/js/bootstrap.min.js HTTP/1.1" 304 0
INFO 2019-02-24 14:53:14,338 basehttp 124 "GET /static/rest_framework/js/prettify-min.js HTTP/1.1" 304 0
INFO 2019-02-24 14:53:14,349 basehttp 124 "GET /static/rest_framework/js/default.js HTTP/1.1" 304 0
INFO 2019-02-24 14:53:44,719 basehttp 124 "GET /recommendations/ HTTP/1.1" 200 6905
INFO 2019-02-24 14:53:44,754 basehttp 124 "GET /static/rest_framework/css/prettify.css HTTP/1.1" 304 0
INFO 2019-02-24 14:53:44,756 basehttp 124 "GET /static/rest_framework/css/default.css HTTP/1.1" 304 0
INFO 2019-02-24 14:53:44,758 basehttp 124 "GET /static/rest_framework/css/bootstrap.min.css HTTP/1.1" 304 0
INFO 2019-02-24 14:53:44,759 basehttp 124 "GET /static/rest_framework/css/bootstrap-tweaks.css HTTP/1.1" 304 0
INFO 2019-02-24 14:53:44,771 basehttp 124 "GET /static/rest_framework/js/jquery-3.3.1.min.js HTTP/1.1" 304 0
INFO 2019-02-24 14:53:44,775 basehttp 124 "GET /static/rest_framework/js/ajax-form.js HTTP/1.1" 304 0
INFO 2019-02-24 14:53:44,792 basehttp 124 "GET /static/rest_framework/js/csrf.js HTTP/1.1" 304 0
INFO 2019-02-24 14:53:44,798 basehttp 124 "GET /static/rest_framework/js/bootstrap.min.js HTTP/1.1" 304 0
INFO 2019-02-24 14:53:44,802 basehttp 124 "GET /static/rest_framework/js/prettify-min.js HTTP/1.1" 304 0
INFO 2019-02-24 14:53:44,804 basehttp 124 "GET /static/rest_framework/js/default.js HTTP/1.1" 304 0
INFO 2019-02-24 14:53:45,859 basehttp 124 "GET /recommendations/ HTTP/1.1" 200 6905
INFO 2019-02-24 14:53:45,913 basehttp 124 "GET /static/rest_framework/js/jquery-3.3.1.min.js HTTP/1.1" 304 0
INFO 2019-02-24 14:53:45,914 basehttp 124 "GET /static/rest_framework/css/bootstrap.min.css HTTP/1.1" 304 0
INFO 2019-02-24 14:53:45,921 basehttp 124 "GET /static/rest_framework/js/ajax-form.js HTTP/1.1" 304 0
INFO 2019-02-24 14:53:45,921 basehttp 124 "GET /static/rest_framework/css/default.css HTTP/1.1" 304 0
INFO 2019-02-24 14:53:45,923 basehttp 124 "GET /static/rest_framework/css/prettify.css HTTP/1.1" 304 0
INFO 2019-02-24 14:53:45,924 basehttp 124 "GET /static/rest_framework/css/bootstrap-tweaks.css HTTP/1.1" 304 0
INFO 2019-02-24 14:53:45,938 basehttp 124 "GET /static/rest_framework/js/csrf.js HTTP/1.1" 304 0
INFO 2019-02-24 14:53:45,947 basehttp 124 "GET /static/rest_framework/js/prettify-min.js HTTP/1.1" 304 0
INFO 2019-02-24 14:53:45,952 basehttp 124 "GET /static/rest_framework/js/bootstrap.min.js HTTP/1.1" 304 0
INFO 2019-02-24 14:53:45,955 basehttp 124 "GET /static/rest_framework/js/default.js HTTP/1.1" 304 0
INFO 2019-02-24 14:56:06,702 basehttp 124 "GET /recommendations/ HTTP/1.1" 200 7656
INFO 2019-02-24 14:56:06,751 basehttp 124 "GET /static/rest_framework/css/bootstrap.min.css HTTP/1.1" 304 0
INFO 2019-02-24 14:56:06,756 basehttp 124 "GET /static/rest_framework/css/prettify.css HTTP/1.1" 304 0
INFO 2019-02-24 14:56:06,758 basehttp 124 "GET /static/rest_framework/css/bootstrap-tweaks.css HTTP/1.1" 304 0
INFO 2019-02-24 14:56:06,763 basehttp 124 "GET /static/rest_framework/js/jquery-3.3.1.min.js HTTP/1.1" 304 0
INFO 2019-02-24 14:56:06,766 basehttp 124 "GET /static/rest_framework/css/default.css HTTP/1.1" 304 0
INFO 2019-02-24 14:56:06,776 basehttp 124 "GET /static/rest_framework/js/csrf.js HTTP/1.1" 304 0
INFO 2019-02-24 14:56:06,780 basehttp 124 "GET /static/rest_framework/js/bootstrap.min.js HTTP/1.1" 304 0
INFO 2019-02-24 14:56:06,782 basehttp 124 "GET /static/rest_framework/js/ajax-form.js HTTP/1.1" 304 0
INFO 2019-02-24 14:56:06,790 basehttp 124 "GET /static/rest_framework/js/prettify-min.js HTTP/1.1" 304 0
INFO 2019-02-24 14:56:06,797 basehttp 124 "GET /static/rest_framework/js/default.js HTTP/1.1" 304 0
INFO 2019-02-24 14:56:46,997 basehttp 124 "GET /recommendations/?page=2 HTTP/1.1" 200 6529
INFO 2019-02-24 15:00:33,196 basehttp 124 "GET /recommendations/ HTTP/1.1" 200 7656
INFO 2019-02-24 15:00:33,232 basehttp 124 "GET /static/rest_framework/css/bootstrap-tweaks.css HTTP/1.1" 304 0
INFO 2019-02-24 15:00:33,236 basehttp 124 "GET /static/rest_framework/css/default.css HTTP/1.1" 304 0
INFO 2019-02-24 15:00:33,239 basehttp 124 "GET /static/rest_framework/css/bootstrap.min.css HTTP/1.1" 304 0
INFO 2019-02-24 15:00:33,240 basehttp 124 "GET /static/rest_framework/css/prettify.css HTTP/1.1" 304 0
INFO 2019-02-24 15:00:33,243 basehttp 124 "GET /static/rest_framework/js/jquery-3.3.1.min.js HTTP/1.1" 304 0
INFO 2019-02-24 15:00:33,245 basehttp 124 "GET /static/rest_framework/js/ajax-form.js HTTP/1.1" 304 0
INFO 2019-02-24 15:00:33,249 basehttp 124 "GET /static/rest_framework/js/csrf.js HTTP/1.1" 304 0
INFO 2019-02-24 15:00:33,253 basehttp 124 "GET /static/rest_framework/js/bootstrap.min.js HTTP/1.1" 304 0
INFO 2019-02-24 15:00:33,257 basehttp 124 "GET /static/rest_framework/js/prettify-min.js HTTP/1.1" 304 0
INFO 2019-02-24 15:00:33,260 basehttp 124 "GET /static/rest_framework/js/default.js HTTP/1.1" 304 0
INFO 2019-02-24 15:03:04,364 basehttp 124 "GET /hotgoods/ HTTP/1.1" 200 7537
INFO 2019-02-24 15:03:04,408 basehttp 124 "GET /static/rest_framework/css/bootstrap-tweaks.css HTTP/1.1" 304 0
INFO 2019-02-24 15:03:04,410 basehttp 124 "GET /static/rest_framework/css/bootstrap.min.css HTTP/1.1" 304 0
INFO 2019-02-24 15:03:04,423 basehttp 124 "GET /static/rest_framework/css/default.css HTTP/1.1" 304 0
INFO 2019-02-24 15:03:04,431 basehttp 124 "GET /static/rest_framework/js/ajax-form.js HTTP/1.1" 304 0
INFO 2019-02-24 15:03:04,436 basehttp 124 "GET /static/rest_framework/js/jquery-3.3.1.min.js HTTP/1.1" 304 0
INFO 2019-02-24 15:03:04,438 basehttp 124 "GET /static/rest_framework/css/prettify.css HTTP/1.1" 304 0
INFO 2019-02-24 15:03:04,440 basehttp 124 "GET /static/rest_framework/js/csrf.js HTTP/1.1" 304 0
INFO 2019-02-24 15:03:04,445 basehttp 124 "GET /static/rest_framework/js/bootstrap.min.js HTTP/1.1" 304 0
INFO 2019-02-24 15:03:04,484 basehttp 124 "GET /static/rest_framework/js/default.js HTTP/1.1" 304 0
INFO 2019-02-24 15:03:04,486 basehttp 124 "GET /static/rest_framework/js/prettify-min.js HTTP/1.1" 304 0
INFO 2019-02-24 15:03:14,265 basehttp 124 "GET /hotgoods/ HTTP/1.1" 200 7537
INFO 2019-02-24 15:03:14,303 basehttp 124 "GET /static/rest_framework/css/bootstrap.min.css HTTP/1.1" 304 0
INFO 2019-02-24 15:03:14,313 basehttp 124 "GET /static/rest_framework/js/jquery-3.3.1.min.js HTTP/1.1" 304 0
INFO 2019-02-24 15:03:14,314 basehttp 124 "GET /static/rest_framework/css/default.css HTTP/1.1" 304 0
INFO 2019-02-24 15:03:14,314 basehttp 124 "GET /static/rest_framework/css/prettify.css HTTP/1.1" 304 0
INFO 2019-02-24 15:03:14,317 basehttp 124 "GET /static/rest_framework/css/bootstrap-tweaks.css HTTP/1.1" 304 0
INFO 2019-02-24 15:03:14,324 basehttp 124 "GET /static/rest_framework/js/csrf.js HTTP/1.1" 304 0
INFO 2019-02-24 15:03:14,325 basehttp 124 "GET /static/rest_framework/js/bootstrap.min.js HTTP/1.1" 304 0
INFO 2019-02-24 15:03:14,331 basehttp 124 "GET /static/rest_framework/js/ajax-form.js HTTP/1.1" 304 0
INFO 2019-02-24 15:03:14,336 basehttp 124 "GET /static/rest_framework/js/prettify-min.js HTTP/1.1" 304 0
INFO 2019-02-24 15:03:14,340 basehttp 124 "GET /static/rest_framework/js/default.js HTTP/1.1" 304 0
INFO 2019-02-24 15:08:27,179 basehttp 124 "GET /hotgoods/ HTTP/1.1" 200 7537
INFO 2019-02-24 15:08:27,211 basehttp 124 "GET /static/rest_framework/css/bootstrap.min.css HTTP/1.1" 304 0
INFO 2019-02-24 15:08:27,216 basehttp 124 "GET /static/rest_framework/css/prettify.css HTTP/1.1" 304 0
INFO 2019-02-24 15:08:27,218 basehttp 124 "GET /static/rest_framework/css/bootstrap-tweaks.css HTTP/1.1" 304 0
INFO 2019-02-24 15:08:27,220 basehttp 124 "GET /static/rest_framework/css/default.css HTTP/1.1" 304 0
INFO 2019-02-24 15:08:27,221 basehttp 124 "GET /static/rest_framework/js/jquery-3.3.1.min.js HTTP/1.1" 304 0
INFO 2019-02-24 15:08:27,226 basehttp 124 "GET /static/rest_framework/js/ajax-form.js HTTP/1.1" 304 0
INFO 2019-02-24 15:08:27,248 basehttp 124 "GET /static/rest_framework/js/csrf.js HTTP/1.1" 304 0
INFO 2019-02-24 15:08:27,250 basehttp 124 "GET /static/rest_framework/js/bootstrap.min.js HTTP/1.1" 304 0
INFO 2019-02-24 15:08:27,252 basehttp 124 "GET /static/rest_framework/js/prettify-min.js HTTP/1.1" 304 0
INFO 2019-02-24 15:08:27,255 basehttp 124 "GET /static/rest_framework/js/default.js HTTP/1.1" 304 0
WARNING 2019-02-25 14:29:48,365 base 152 Not Found: /cart/count/
WARNING 2019-02-25 14:29:48,399 basehttp 124 "GET /cart/count/ HTTP/1.1" 404 3134
WARNING 2019-02-25 14:30:10,264 base 152 Not Found: /register
WARNING 2019-02-25 14:30:10,266 basehttp 124 "GET /register HTTP/1.1" 404 3125
WARNING 2019-02-25 14:30:10,409 base 152 Not Found: /favicon.ico
WARNING 2019-02-25 14:30:10,411 basehttp 124 "GET /favicon.ico HTTP/1.1" 404 3134
WARNING 2019-02-25 14:30:25,298 base 152 Not Found: /register.html
WARNING 2019-02-25 14:30:25,299 basehttp 124 "GET /register.html HTTP/1.1" 404 3140
WARNING 2019-02-25 14:30:36,990 base 152 Not Found: /cart/count/
WARNING 2019-02-25 14:30:36,992 basehttp 124 "GET /cart/count/ HTTP/1.1" 404 3134
INFO 2019-02-25 14:30:48,153 basehttp 124 "GET /usernames/django2/count/ HTTP/1.1" 200 32
WARNING 2019-02-25 14:31:02,443 base 152 Not Found: /sms_code/13600000001
WARNING 2019-02-25 14:31:02,444 basehttp 124 "GET /sms_code/13600000001 HTTP/1.1" 404 3161
INFO 2019-02-25 14:31:06,653 basehttp 124 "OPTIONS /users/ HTTP/1.1" 200 0
ERROR 2019-02-25 14:31:06,659 exception 135 Internal Server Error: /users/
Traceback (most recent call last):
  File "/home/python/.virtualenvs/django_py3/lib/python3.5/site-packages/django/core/handlers/exception.py", line 41, in inner
    response = get_response(request)
  File "/home/python/.virtualenvs/django_py3/lib/python3.5/site-packages/django/core/handlers/base.py", line 187, in _get_response
    response = self.process_exception_by_middleware(e, request)
  File "/home/python/.virtualenvs/django_py3/lib/python3.5/site-packages/django/core/handlers/base.py", line 185, in _get_response
    response = wrapped_callback(request, *callback_args, **callback_kwargs)
  File "/home/python/.virtualenvs/django_py3/lib/python3.5/site-packages/django/views/decorators/csrf.py", line 58, in wrapped_view
    return view_func(*args, **kwargs)
  File "/home/python/.virtualenvs/django_py3/lib/python3.5/site-packages/django/views/generic/base.py", line 68, in view
    return self.dispatch(request, *args, **kwargs)
  File "/home/python/.virtualenvs/django_py3/lib/python3.5/site-packages/rest_framework/views.py", line 495, in dispatch
    response = self.handle_exception(exc)
  File "/home/python/.virtualenvs/django_py3/lib/python3.5/site-packages/rest_framework/views.py", line 455, in handle_exception
    self.raise_uncaught_exception(exc)
  File "/home/python/.virtualenvs/django_py3/lib/python3.5/site-packages/rest_framework/views.py", line 492, in dispatch
    response = handler(request, *args, **kwargs)
  File "/home/python/.virtualenvs/django_py3/lib/python3.5/site-packages/rest_framework/generics.py", line 192, in post
    return self.create(request, *args, **kwargs)
  File "/home/python/.virtualenvs/django_py3/lib/python3.5/site-packages/rest_framework/mixins.py", line 20, in create
    serializer.is_valid(raise_exception=True)
  File "/home/python/.virtualenvs/django_py3/lib/python3.5/site-packages/rest_framework/serializers.py", line 236, in is_valid
    self._validated_data = self.run_validation(self.initial_data)
  File "/home/python/.virtualenvs/django_py3/lib/python3.5/site-packages/rest_framework/serializers.py", line 434, in run_validation
    value = self.to_internal_value(data)
  File "/home/python/.virtualenvs/django_py3/lib/python3.5/site-packages/rest_framework/serializers.py", line 482, in to_internal_value
    fields = self._writable_fields
  File "/home/python/.virtualenvs/django_py3/lib/python3.5/site-packages/django/utils/functional.py", line 35, in __get__
    res = instance.__dict__[self.name] = self.func(instance)
  File "/home/python/.virtualenvs/django_py3/lib/python3.5/site-packages/rest_framework/serializers.py", line 370, in _writable_fields
    field for field in self.fields.values() if not field.read_only
  File "/home/python/.virtualenvs/django_py3/lib/python3.5/site-packages/rest_framework/serializers.py", line 363, in fields
    for key, value in self.get_fields().items():
  File "/home/python/.virtualenvs/django_py3/lib/python3.5/site-packages/rest_framework/serializers.py", line 1022, in get_fields
    field_names = self.get_field_names(declared_fields, info)
  File "/home/python/.virtualenvs/django_py3/lib/python3.5/site-packages/rest_framework/serializers.py", line 1123, in get_field_names
    serializer_class=self.__class__.__name__
AssertionError: The field 'token' was declared on serializer CreateUserSerializer, but has not been included in the 'fields' option.
INFO 2019-02-25 14:31:06,663 basehttp 124 "GET /usernames/django2/count/ HTTP/1.1" 200 32
ERROR 2019-02-25 14:31:06,981 basehttp 124 "POST /users/ HTTP/1.1" 500 19556
ERROR 2019-02-25 14:31:09,703 exception 135 Internal Server Error: /users/
Traceback (most recent call last):
  File "/home/python/.virtualenvs/django_py3/lib/python3.5/site-packages/django/core/handlers/exception.py", line 41, in inner
    response = get_response(request)
  File "/home/python/.virtualenvs/django_py3/lib/python3.5/site-packages/django/core/handlers/base.py", line 187, in _get_response
    response = self.process_exception_by_middleware(e, request)
  File "/home/python/.virtualenvs/django_py3/lib/python3.5/site-packages/django/core/handlers/base.py", line 185, in _get_response
    response = wrapped_callback(request, *callback_args, **callback_kwargs)
  File "/home/python/.virtualenvs/django_py3/lib/python3.5/site-packages/django/views/decorators/csrf.py", line 58, in wrapped_view
    return view_func(*args, **kwargs)
  File "/home/python/.virtualenvs/django_py3/lib/python3.5/site-packages/django/views/generic/base.py", line 68, in view
    return self.dispatch(request, *args, **kwargs)
  File "/home/python/.virtualenvs/django_py3/lib/python3.5/site-packages/rest_framework/views.py", line 495, in dispatch
    response = self.handle_exception(exc)
  File "/home/python/.virtualenvs/django_py3/lib/python3.5/site-packages/rest_framework/views.py", line 455, in handle_exception
    self.raise_uncaught_exception(exc)
  File "/home/python/.virtualenvs/django_py3/lib/python3.5/site-packages/rest_framework/views.py", line 492, in dispatch
    response = handler(request, *args, **kwargs)
  File "/home/python/.virtualenvs/django_py3/lib/python3.5/site-packages/rest_framework/generics.py", line 192, in post
    return self.create(request, *args, **kwargs)
  File "/home/python/.virtualenvs/django_py3/lib/python3.5/site-packages/rest_framework/mixins.py", line 20, in create
    serializer.is_valid(raise_exception=True)
  File "/home/python/.virtualenvs/django_py3/lib/python3.5/site-packages/rest_framework/serializers.py", line 236, in is_valid
    self._validated_data = self.run_validation(self.initial_data)
  File "/home/python/.virtualenvs/django_py3/lib/python3.5/site-packages/rest_framework/serializers.py", line 434, in run_validation
    value = self.to_internal_value(data)
  File "/home/python/.virtualenvs/django_py3/lib/python3.5/site-packages/rest_framework/serializers.py", line 482, in to_internal_value
    fields = self._writable_fields
  File "/home/python/.virtualenvs/django_py3/lib/python3.5/site-packages/django/utils/functional.py", line 35, in __get__
    res = instance.__dict__[self.name] = self.func(instance)
  File "/home/python/.virtualenvs/django_py3/lib/python3.5/site-packages/rest_framework/serializers.py", line 370, in _writable_fields
    field for field in self.fields.values() if not field.read_only
  File "/home/python/.virtualenvs/django_py3/lib/python3.5/site-packages/rest_framework/serializers.py", line 363, in fields
    for key, value in self.get_fields().items():
  File "/home/python/.virtualenvs/django_py3/lib/python3.5/site-packages/rest_framework/serializers.py", line 1022, in get_fields
    field_names = self.get_field_names(declared_fields, info)
  File "/home/python/.virtualenvs/django_py3/lib/python3.5/site-packages/rest_framework/serializers.py", line 1123, in get_field_names
    serializer_class=self.__class__.__name__
AssertionError: The field 'token' was declared on serializer CreateUserSerializer, but has not been included in the 'fields' option.
INFO 2019-02-25 14:31:09,714 basehttp 124 "GET /usernames/django2/count/ HTTP/1.1" 200 32
ERROR 2019-02-25 14:31:09,740 basehttp 124 "POST /users/ HTTP/1.1" 500 19555
WARNING 2019-02-25 14:39:34,615 base 152 Not Found: /cart/count/
WARNING 2019-02-25 14:39:34,618 basehttp 124 "GET /cart/count/ HTTP/1.1" 404 3134
INFO 2019-02-25 14:39:41,067 basehttp 124 "GET /usernames/django2/count/ HTTP/1.1" 200 32
INFO 2019-02-25 14:39:54,912 basehttp 124 "GET /usernames/django2/count/ HTTP/1.1" 200 32
INFO 2019-02-25 14:39:55,053 basehttp 124 "POST /users/ HTTP/1.1" 201 227
WARNING 2019-02-25 14:39:56,497 base 152 Not Found: /cart/count/
WARNING 2019-02-25 14:39:56,501 basehttp 124 "GET /cart/count/ HTTP/1.1" 404 3134
WARNING 2019-02-25 14:58:29,598 base 152 Not Found: //authorizations/
WARNING 2019-02-25 14:58:29,599 basehttp 124 "GET //authorizations/ HTTP/1.1" 404 3314
WARNING 2019-02-25 14:58:38,195 basehttp 124 "GET /authorizations/ HTTP/1.1" 405 7583
INFO 2019-02-25 14:58:38,291 basehttp 124 "GET /static/rest_framework/css/bootstrap-tweaks.css HTTP/1.1" 200 3385
INFO 2019-02-25 14:58:38,304 basehttp 124 "GET /static/rest_framework/css/prettify.css HTTP/1.1" 200 817
INFO 2019-02-25 14:58:38,306 basehttp 124 "GET /static/rest_framework/css/bootstrap.min.css HTTP/1.1" 200 121200
INFO 2019-02-25 14:58:38,348 basehttp 124 "GET /static/rest_framework/css/default.css HTTP/1.1" 200 1131
INFO 2019-02-25 14:58:38,380 basehttp 124 "GET /static/rest_framework/js/jquery-3.3.1.min.js HTTP/1.1" 200 86927
INFO 2019-02-25 14:58:38,381 basehttp 124 "GET /static/rest_framework/js/ajax-form.js HTTP/1.1" 200 3597
INFO 2019-02-25 14:58:38,422 basehttp 124 "GET /static/rest_framework/js/csrf.js HTTP/1.1" 200 1735
INFO 2019-02-25 14:58:38,447 basehttp 124 "GET /static/rest_framework/js/bootstrap.min.js HTTP/1.1" 200 37045
INFO 2019-02-25 14:58:38,455 basehttp 124 "GET /static/rest_framework/js/prettify-min.js HTTP/1.1" 200 13632
INFO 2019-02-25 14:58:38,482 basehttp 124 "GET /static/rest_framework/js/default.js HTTP/1.1" 200 1268
INFO 2019-02-25 14:58:38,505 basehttp 124 "GET /static/rest_framework/img/grid.png HTTP/1.1" 200 1458
WARNING 2019-02-25 14:59:02,048 basehttp 124 "POST /authorizations/ HTTP/1.1" 400 7629
WARNING 2019-02-25 14:59:32,615 basehttp 124 "GET /authorizations/ HTTP/1.1" 405 7583
INFO 2019-02-25 14:59:32,643 basehttp 124 "GET /static/rest_framework/css/bootstrap.min.css HTTP/1.1" 200 121200
INFO 2019-02-25 14:59:32,653 basehttp 124 "GET /static/rest_framework/css/bootstrap-tweaks.css HTTP/1.1" 200 3385
INFO 2019-02-25 14:59:32,655 basehttp 124 "GET /static/rest_framework/css/prettify.css HTTP/1.1" 200 817
INFO 2019-02-25 14:59:32,659 basehttp 124 "GET /static/rest_framework/css/default.css HTTP/1.1" 200 1131
INFO 2019-02-25 14:59:32,675 basehttp 124 "GET /static/rest_framework/js/jquery-3.3.1.min.js HTTP/1.1" 200 86927
INFO 2019-02-25 14:59:32,686 basehttp 124 "GET /static/rest_framework/js/ajax-form.js HTTP/1.1" 200 3597
INFO 2019-02-25 14:59:32,690 basehttp 124 "GET /static/rest_framework/js/csrf.js HTTP/1.1" 200 1735
INFO 2019-02-25 14:59:32,702 basehttp 124 "GET /static/rest_framework/js/bootstrap.min.js HTTP/1.1" 200 37045
INFO 2019-02-25 14:59:32,712 basehttp 124 "GET /static/rest_framework/js/prettify-min.js HTTP/1.1" 200 13632
INFO 2019-02-25 14:59:32,718 basehttp 124 "GET /static/rest_framework/js/default.js HTTP/1.1" 200 1268
INFO 2019-02-25 14:59:32,736 basehttp 124 "GET /static/rest_framework/img/grid.png HTTP/1.1" 200 1458
WARNING 2019-02-25 14:59:33,193 base 152 Not Found: /favicon.ico
WARNING 2019-02-25 14:59:33,195 basehttp 124 "GET /favicon.ico HTTP/1.1" 404 3306
WARNING 2019-02-25 14:59:47,421 basehttp 124 "POST /authorizations/ HTTP/1.1" 400 7629
INFO 2019-02-25 15:05:10,100 basehttp 124 "POST /authorizations/ HTTP/1.1" 200 7744
WARNING 2019-02-25 15:32:24,777 base 152 Not Found: /cart/count/
WARNING 2019-02-25 15:32:24,778 basehttp 124 "GET /cart/count/ HTTP/1.1" 404 3299
INFO 2019-02-25 15:32:31,372 basehttp 124 "OPTIONS /authorizations/ HTTP/1.1" 200 0
INFO 2019-02-25 15:32:38,695 basehttp 124 "OPTIONS /authorizations/ HTTP/1.1" 200 0
INFO 2019-02-25 15:32:42,567 basehttp 124 "OPTIONS /authorizations/ HTTP/1.1" 200 0
WARNING 2019-02-25 15:45:33,505 base 152 Not Found: /cart/count/
WARNING 2019-02-25 15:45:33,510 basehttp 124 "GET /cart/count/ HTTP/1.1" 404 3299
INFO 2019-02-25 15:45:53,288 basehttp 124 "OPTIONS /authorizations/ HTTP/1.1" 200 0
INFO 2019-02-25 15:45:55,486 basehttp 124 "OPTIONS /authorizations/ HTTP/1.1" 200 0
INFO 2019-02-25 15:45:56,833 basehttp 124 "OPTIONS /authorizations/ HTTP/1.1" 200 0
INFO 2019-02-25 15:45:57,440 basehttp 124 "OPTIONS /authorizations/ HTTP/1.1" 200 0
INFO 2019-02-25 15:45:57,711 basehttp 124 "OPTIONS /authorizations/ HTTP/1.1" 200 0
INFO 2019-02-25 15:45:57,907 basehttp 124 "OPTIONS /authorizations/ HTTP/1.1" 200 0
INFO 2019-02-25 15:45:58,109 basehttp 124 "OPTIONS /authorizations/ HTTP/1.1" 200 0
INFO 2019-02-25 15:46:15,503 basehttp 124 "OPTIONS /authorizations/ HTTP/1.1" 200 0
INFO 2019-02-25 15:46:15,664 basehttp 124 "OPTIONS /authorizations/ HTTP/1.1" 200 0
INFO 2019-02-25 15:46:15,833 basehttp 124 "OPTIONS /authorizations/ HTTP/1.1" 200 0
INFO 2019-02-25 15:46:16,013 basehttp 124 "OPTIONS /authorizations/ HTTP/1.1" 200 0
INFO 2019-02-25 15:46:16,161 basehttp 124 "OPTIONS /authorizations/ HTTP/1.1" 200 0
INFO 2019-02-25 15:46:16,313 basehttp 124 "OPTIONS /authorizations/ HTTP/1.1" 200 0
INFO 2019-02-25 15:46:16,554 basehttp 124 "OPTIONS /authorizations/ HTTP/1.1" 200 0
INFO 2019-02-25 15:46:16,704 basehttp 124 "OPTIONS /authorizations/ HTTP/1.1" 200 0
INFO 2019-02-25 15:46:16,884 basehttp 124 "OPTIONS /authorizations/ HTTP/1.1" 200 0
INFO 2019-02-25 15:46:17,055 basehttp 124 "OPTIONS /authorizations/ HTTP/1.1" 200 0
INFO 2019-02-25 15:46:17,233 basehttp 124 "OPTIONS /authorizations/ HTTP/1.1" 200 0
WARNING 2019-02-25 15:47:00,123 base 152 Not Found: /cart/count/
WARNING 2019-02-25 15:47:00,142 basehttp 124 "GET /cart/count/ HTTP/1.1" 404 3299
INFO 2019-02-25 15:47:04,023 basehttp 124 "OPTIONS /authorizations/ HTTP/1.1" 200 0
INFO 2019-02-25 15:47:14,175 basehttp 124 "OPTIONS /authorizations/ HTTP/1.1" 200 0
INFO 2019-02-25 15:47:15,093 basehttp 124 "OPTIONS /authorizations/ HTTP/1.1" 200 0
INFO 2019-02-25 15:47:15,258 basehttp 124 "OPTIONS /authorizations/ HTTP/1.1" 200 0
WARNING 2019-02-25 15:47:32,495 base 152 Not Found: /cart/count/
WARNING 2019-02-25 15:47:32,505 basehttp 124 "GET /cart/count/ HTTP/1.1" 404 3299
WARNING 2019-02-25 15:47:34,351 base 152 Not Found: /cart/count/
WARNING 2019-02-25 15:47:34,359 basehttp 124 "GET /cart/count/ HTTP/1.1" 404 3299
INFO 2019-02-25 15:47:42,129 basehttp 124 "GET /usernames/django3/count/ HTTP/1.1" 200 32
WARNING 2019-02-25 15:47:55,719 base 152 Not Found: /sms_code/13600000003
WARNING 2019-02-25 15:47:55,720 basehttp 124 "GET /sms_code/13600000003 HTTP/1.1" 404 3326
INFO 2019-02-25 15:48:05,612 basehttp 124 "OPTIONS /users/ HTTP/1.1" 200 0
INFO 2019-02-25 15:48:05,619 basehttp 124 "GET /usernames/django3/count/ HTTP/1.1" 200 32
INFO 2019-02-25 15:48:11,737 basehttp 124 "OPTIONS /users/ HTTP/1.1" 200 0
INFO 2019-02-25 15:48:11,743 basehttp 124 "GET /usernames/django3/count/ HTTP/1.1" 200 32
WARNING 2019-02-25 15:49:28,835 base 152 Not Found: /cart/count/
WARNING 2019-02-25 15:49:28,839 basehttp 124 "GET /cart/count/ HTTP/1.1" 404 3299
INFO 2019-02-25 15:49:34,325 basehttp 124 "GET /usernames/django3/count/ HTTP/1.1" 200 32
INFO 2019-02-25 15:49:49,308 basehttp 124 "OPTIONS /users/ HTTP/1.1" 200 0
INFO 2019-02-25 15:49:49,313 basehttp 124 "GET /usernames/django3/count/ HTTP/1.1" 200 32
INFO 2019-02-25 15:49:51,495 basehttp 124 "OPTIONS /users/ HTTP/1.1" 200 0
INFO 2019-02-25 15:49:51,505 basehttp 124 "GET /usernames/django3/count/ HTTP/1.1" 200 32
INFO 2019-02-25 15:50:15,723 basehttp 124 "OPTIONS /users/ HTTP/1.1" 200 0
INFO 2019-02-25 15:50:15,728 basehttp 124 "GET /usernames/django3/count/ HTTP/1.1" 200 32
WARNING 2019-02-25 15:52:03,947 base 152 Not Found: /cart/count/
WARNING 2019-02-25 15:52:03,950 basehttp 124 "GET /cart/count/ HTTP/1.1" 404 3299
INFO 2019-02-25 15:52:12,640 basehttp 124 "GET /usernames/django/count/ HTTP/1.1" 200 31
INFO 2019-02-25 15:52:14,789 basehttp 124 "GET /usernames/django3/count/ HTTP/1.1" 200 32
INFO 2019-02-25 15:52:32,280 basehttp 124 "OPTIONS /users/ HTTP/1.1" 200 0
INFO 2019-02-25 15:52:32,300 basehttp 124 "GET /usernames/django3/count/ HTTP/1.1" 200 32
WARNING 2019-02-25 16:07:20,041 base 152 Not Found: /cart/count/
WARNING 2019-02-25 16:07:20,047 basehttp 124 "GET /cart/count/ HTTP/1.1" 404 3299
INFO 2019-02-25 16:07:50,364 basehttp 124 "GET /usernames/django3/count/ HTTP/1.1" 200 32
INFO 2019-02-25 16:08:27,267 basehttp 124 "OPTIONS /users/ HTTP/1.1" 200 0
INFO 2019-02-25 16:08:27,287 basehttp 124 "GET /usernames/django3/count/ HTTP/1.1" 200 32
INFO 2019-02-25 16:08:44,792 basehttp 124 "GET /usernames/django3/count/ HTTP/1.1" 200 5273
INFO 2019-02-25 16:08:55,367 basehttp 124 "OPTIONS /users/ HTTP/1.1" 200 0
INFO 2019-02-25 16:08:55,377 basehttp 124 "GET /usernames/django3/count/ HTTP/1.1" 200 32
INFO 2019-02-25 16:11:50,520 basehttp 124 "OPTIONS /users/ HTTP/1.1" 200 0
INFO 2019-02-25 16:11:50,553 basehttp 124 "GET /usernames/django3/count/ HTTP/1.1" 200 32
WARNING 2019-02-25 16:13:51,778 base 152 Not Found: /cart/count/
WARNING 2019-02-25 16:13:51,789 basehttp 124 "GET /cart/count/ HTTP/1.1" 404 3299
INFO 2019-02-25 16:14:07,429 basehttp 124 "GET /usernames/django3/count/ HTTP/1.1" 200 32
INFO 2019-02-25 16:14:21,862 basehttp 124 "OPTIONS /users/ HTTP/1.1" 200 0
INFO 2019-02-25 16:14:21,864 basehttp 124 "GET /usernames/django3/count/ HTTP/1.1" 200 32
INFO 2019-02-25 16:14:21,935 basehttp 124 "POST /users/ HTTP/1.1" 201 227
WARNING 2019-02-25 16:14:22,496 base 152 Not Found: /cart/count/
WARNING 2019-02-25 16:14:22,497 basehttp 124 "GET /cart/count/ HTTP/1.1" 404 3299
INFO 2019-02-25 16:14:28,008 basehttp 124 "OPTIONS /authorizations/ HTTP/1.1" 200 0
INFO 2019-02-25 16:14:28,057 basehttp 124 "POST /authorizations/ HTTP/1.1" 200 209
WARNING 2019-02-25 16:14:28,486 base 152 Not Found: /goods/recommend/
WARNING 2019-02-25 16:14:28,497 basehttp 124 "GET /goods/recommend/ HTTP/1.1" 404 3314
WARNING 2019-02-25 16:14:28,496 base 152 Not Found: /goods/category/
WARNING 2019-02-25 16:14:28,505 basehttp 124 "GET /goods/category/ HTTP/1.1" 404 3311
WARNING 2019-02-25 16:14:28,669 base 152 Not Found: /cart/count/
WARNING 2019-02-25 16:14:28,672 basehttp 124 "GET /cart/count/ HTTP/1.1" 404 3299
WARNING 2019-02-25 16:46:52,558 base 152 Not Found: /cart/count/
WARNING 2019-02-25 16:46:52,561 basehttp 124 "GET /cart/count/ HTTP/1.1" 404 3299
INFO 2019-02-25 16:46:52,641 basehttp 124 "OPTIONS /addresses/ HTTP/1.1" 200 0
WARNING 2019-02-25 16:46:52,682 base 152 Not Found: /addresses/
WARNING 2019-02-25 16:46:52,684 basehttp 124 "GET /addresses/ HTTP/1.1" 404 3296
WARNING 2019-02-25 16:46:57,242 base 152 Not Found: /addresses/
WARNING 2019-02-25 16:46:57,242 basehttp 124 "GET /addresses/ HTTP/1.1" 404 3296
WARNING 2019-02-25 16:46:57,384 base 152 Not Found: /cart/count/
WARNING 2019-02-25 16:46:57,386 basehttp 124 "GET /cart/count/ HTTP/1.1" 404 3299
WARNING 2019-02-25 16:46:58,857 base 152 Not Found: /cart/count/
WARNING 2019-02-25 16:46:58,859 basehttp 124 "GET /cart/count/ HTTP/1.1" 404 3299
WARNING 2019-02-25 16:46:58,888 base 152 Not Found: /addresses/
WARNING 2019-02-25 16:46:58,890 basehttp 124 "GET /addresses/ HTTP/1.1" 404 3296
WARNING 2019-02-25 16:47:14,479 base 152 Not Found: /areas/
WARNING 2019-02-25 16:47:14,479 basehttp 124 "GET /areas/ HTTP/1.1" 404 3284
WARNING 2019-02-25 16:47:14,580 base 152 Not Found: /cart/count/
WARNING 2019-02-25 16:47:14,581 basehttp 124 "GET /cart/count/ HTTP/1.1" 404 3299
WARNING 2019-02-25 16:47:37,830 base 152 Not Found: /areas/
WARNING 2019-02-25 16:47:37,830 basehttp 124 "GET /areas/ HTTP/1.1" 404 3284
WARNING 2019-02-25 16:47:37,916 base 152 Not Found: /cart/count/
WARNING 2019-02-25 16:47:37,918 basehttp 124 "GET /cart/count/ HTTP/1.1" 404 3299
WARNING 2019-02-25 16:47:44,362 base 152 Not Found: /addresses/
WARNING 2019-02-25 16:47:44,363 basehttp 124 "GET /addresses/ HTTP/1.1" 404 3296
WARNING 2019-02-25 16:47:44,403 base 152 Not Found: /cart/count/
WARNING 2019-02-25 16:47:44,403 basehttp 124 "GET /cart/count/ HTTP/1.1" 404 3299
WARNING 2019-02-25 16:47:46,710 base 152 Not Found: /addresses/
WARNING 2019-02-25 16:47:46,711 basehttp 124 "GET /addresses/ HTTP/1.1" 404 3296
WARNING 2019-02-25 16:47:46,827 base 152 Not Found: /cart/count/
WARNING 2019-02-25 16:47:46,827 basehttp 124 "GET /cart/count/ HTTP/1.1" 404 3299
INFO 2019-02-25 17:57:37,362 basehttp 124 "GET /areas/440000/ HTTP/1.1" 200 6959
INFO 2019-02-25 20:44:00,450 basehttp 124 "GET /areas/440900/ HTTP/1.1" 200 5695
INFO 2019-02-25 20:44:13,413 basehttp 124 "GET /areas/440983/ HTTP/1.1" 200 5296
INFO 2019-02-25 20:44:22,357 basehttp 124 "GET /areas/440900/ HTTP/1.1" 200 5695
INFO 2019-02-25 20:44:29,678 basehttp 124 "GET /areas/440982/ HTTP/1.1" 200 5296
INFO 2019-02-25 20:44:39,768 basehttp 124 "GET /areas/440900/ HTTP/1.1" 200 5695
INFO 2019-02-27 08:32:42,152 basehttp 124 "OPTIONS /addresses/ HTTP/1.1" 200 0
WARNING 2019-02-27 08:32:42,295 base 152 Not Found: /cart/count/
WARNING 2019-02-27 08:32:42,302 basehttp 124 "GET /cart/count/ HTTP/1.1" 404 3629
WARNING 2019-02-27 08:32:42,330 base 152 Not Found: /addresses/
WARNING 2019-02-27 08:32:42,331 basehttp 124 "GET /addresses/ HTTP/1.1" 404 3626
INFO 2019-02-27 08:32:44,287 basehttp 124 "GET /areas/ HTTP/1.1" 200 1204
WARNING 2019-02-27 08:32:44,384 base 152 Not Found: /cart/count/
WARNING 2019-02-27 08:32:44,386 basehttp 124 "GET /cart/count/ HTTP/1.1" 404 3629
INFO 2019-02-27 08:32:46,838 basehttp 124 "GET /areas/450000/ HTTP/1.1" 200 518
INFO 2019-02-27 08:32:48,448 basehttp 124 "GET /areas/450400/ HTTP/1.1" 200 269
WARNING 2019-02-27 08:32:54,031 base 152 Not Found: /addresses/
WARNING 2019-02-27 08:32:54,031 basehttp 124 "GET /addresses/ HTTP/1.1" 404 3626
WARNING 2019-02-27 08:32:54,091 base 152 Not Found: /cart/count/
WARNING 2019-02-27 08:32:54,092 basehttp 124 "GET /cart/count/ HTTP/1.1" 404 3629
INFO 2019-02-27 08:32:59,260 basehttp 124 "GET /areas/ HTTP/1.1" 200 1204
WARNING 2019-02-27 08:32:59,341 base 152 Not Found: /cart/count/
WARNING 2019-02-27 08:32:59,342 basehttp 124 "GET /cart/count/ HTTP/1.1" 404 3629
INFO 2019-02-27 08:33:08,402 basehttp 124 "GET /areas/450000/ HTTP/1.1" 200 518
INFO 2019-02-27 08:33:10,223 basehttp 124 "GET /areas/440000/ HTTP/1.1" 200 734
INFO 2019-02-27 08:33:19,066 basehttp 124 "GET /areas/440100/ HTTP/1.1" 200 404
WARNING 2019-02-27 08:33:47,919 base 152 Not Found: /addresses/
WARNING 2019-02-27 08:33:47,919 basehttp 124 "POST /addresses/ HTTP/1.1" 404 3627
WARNING 2019-02-27 08:33:49,321 base 152 Not Found: /addresses/
WARNING 2019-02-27 08:33:49,322 basehttp 124 "POST /addresses/ HTTP/1.1" 404 3627
WARNING 2019-02-27 09:48:17,256 basehttp 124 "GET /addresses/ HTTP/1.1" 401 5073
INFO 2019-02-27 09:48:21,630 basehttp 124 "GET /usernames/django3/count/ HTTP/1.1" 200 5366
WARNING 2019-02-27 09:48:35,446 base 152 Not Found: /register
WARNING 2019-02-27 09:48:35,448 basehttp 124 "GET /register HTTP/1.1" 404 4377
WARNING 2019-02-27 09:48:39,998 base 152 Not Found: /register/
WARNING 2019-02-27 09:48:40,000 basehttp 124 "GET /register/ HTTP/1.1" 404 4380
WARNING 2019-02-27 09:48:50,757 base 152 Not Found: /login
WARNING 2019-02-27 09:48:50,758 basehttp 124 "GET /login HTTP/1.1" 404 4368
WARNING 2019-02-27 09:48:54,734 base 152 Not Found: /login/
WARNING 2019-02-27 09:48:54,736 basehttp 124 "GET /login/ HTTP/1.1" 404 4371
INFO 2019-02-27 09:49:18,913 basehttp 124 "GET /authorizations HTTP/1.1" 301 0
WARNING 2019-02-27 09:49:19,071 basehttp 124 "GET /authorizations/ HTTP/1.1" 405 7676
INFO 2019-02-27 09:50:12,625 basehttp 124 "GET /admin/ HTTP/1.1" 302 0
INFO 2019-02-27 09:50:12,744 basehttp 124 "GET /admin/login/?next=/admin/ HTTP/1.1" 200 1652
INFO 2019-02-27 09:50:12,790 basehttp 124 "GET /static/admin/css/base.css HTTP/1.1" 200 16066
INFO 2019-02-27 09:50:12,791 basehttp 124 "GET /static/admin/css/login.css HTTP/1.1" 200 1203
INFO 2019-02-27 09:50:12,801 basehttp 124 "GET /static/admin/css/fonts.css HTTP/1.1" 200 423
INFO 2019-02-27 09:50:12,837 basehttp 124 "GET /static/admin/fonts/Roboto-Regular-webfont.woff HTTP/1.1" 200 80304
INFO 2019-02-27 09:50:12,844 basehttp 124 "GET /static/admin/fonts/Roboto-Light-webfont.woff HTTP/1.1" 200 81348
INFO 2019-02-27 09:50:20,361 basehttp 124 "POST /admin/login/?next=/admin/ HTTP/1.1" 200 1784
INFO 2019-02-27 09:50:20,442 basehttp 124 "GET /static/admin/fonts/Roboto-Bold-webfont.woff HTTP/1.1" 200 82564
INFO 2019-02-27 09:50:33,356 basehttp 124 "POST /admin/login/?next=/admin/ HTTP/1.1" 200 1786
INFO 2019-02-27 09:53:37,698 basehttp 124 "POST /admin/login/?next=/admin/ HTTP/1.1" 200 1786
INFO 2019-02-27 09:53:51,274 basehttp 124 "POST /admin/login/?next=/admin/ HTTP/1.1" 200 1786
INFO 2019-02-27 09:54:03,841 basehttp 124 "GET /areas/440900/ HTTP/1.1" 200 5695
INFO 2019-02-27 09:54:44,149 basehttp 124 "GET /areas/ HTTP/1.1" 200 1204
WARNING 2019-02-27 09:54:44,258 base 152 Not Found: /cart/count/
WARNING 2019-02-27 09:54:44,263 basehttp 124 "GET /cart/count/ HTTP/1.1" 404 4386
INFO 2019-02-27 09:54:55,872 basehttp 124 "GET /areas/440000/ HTTP/1.1" 200 734
INFO 2019-02-27 09:54:58,737 basehttp 124 "GET /areas/440100/ HTTP/1.1" 200 404
INFO 2019-02-27 09:55:37,331 basehttp 124 "OPTIONS /addresses/ HTTP/1.1" 200 0
WARNING 2019-02-27 09:55:37,335 basehttp 124 "POST /addresses/ HTTP/1.1" 401 35
WARNING 2019-02-27 09:55:40,462 basehttp 124 "POST /addresses/ HTTP/1.1" 401 35
WARNING 2019-02-27 09:55:54,703 basehttp 124 "POST /addresses/ HTTP/1.1" 401 35
WARNING 2019-02-27 09:57:21,072 basehttp 124 "POST /addresses/ HTTP/1.1" 401 35
INFO 2019-02-27 09:58:27,973 basehttp 124 "GET /users HTTP/1.1" 301 0
WARNING 2019-02-27 09:58:28,110 basehttp 124 "GET /users/ HTTP/1.1" 405 8705
WARNING 2019-02-27 10:00:17,537 basehttp 124 "GET /users/ HTTP/1.1" 405 8705
INFO 2019-02-27 10:02:50,926 basehttp 124 "GET /areas/ HTTP/1.1" 200 7362
WARNING 2019-02-27 10:03:11,019 base 152 Not Found: /address/
WARNING 2019-02-27 10:03:11,019 basehttp 124 "GET /address/ HTTP/1.1" 404 4066
WARNING 2019-02-27 10:03:24,282 basehttp 124 "GET /addresses/ HTTP/1.1" 401 5073
INFO 2019-02-27 10:04:04,271 basehttp 124 "GET /admin/ HTTP/1.1" 302 0
INFO 2019-02-27 10:04:04,313 basehttp 124 "GET /admin/login/?next=/admin/ HTTP/1.1" 200 1652
INFO 2019-02-27 10:04:17,502 basehttp 124 "POST /admin/login/?next=/admin/ HTTP/1.1" 200 1785
INFO 2019-02-27 10:08:29,258 basehttp 124 "POST /admin/login/?next=/admin/ HTTP/1.1" 302 0
INFO 2019-02-27 10:08:29,340 basehttp 124 "GET /admin/ HTTP/1.1" 200 2353
INFO 2019-02-27 10:08:29,372 basehttp 124 "GET /static/admin/css/dashboard.css HTTP/1.1" 200 412
INFO 2019-02-27 10:08:29,413 basehttp 124 "GET /static/admin/img/icon-addlink.svg HTTP/1.1" 200 331
INFO 2019-02-27 10:08:29,415 basehttp 124 "GET /static/admin/img/icon-changelink.svg HTTP/1.1" 200 380
INFO 2019-02-27 10:08:32,534 basehttp 124 "GET /admin/auth/group/ HTTP/1.1" 200 3358
INFO 2019-02-27 10:08:32,565 basehttp 124 "GET /static/admin/css/changelists.css HTTP/1.1" 200 6170
INFO 2019-02-27 10:08:32,584 basehttp 124 "GET /static/admin/js/core.js HTTP/1.1" 200 7976
INFO 2019-02-27 10:08:32,593 basehttp 124 "GET /static/admin/js/jquery.init.js HTTP/1.1" 200 363
INFO 2019-02-27 10:08:32,602 basehttp 124 "GET /static/admin/js/actions.js HTTP/1.1" 200 6501
INFO 2019-02-27 10:08:32,604 basehttp 124 "GET /static/admin/js/urlify.js HTTP/1.1" 200 8186
INFO 2019-02-27 10:08:32,618 basehttp 124 "GET /static/admin/js/prepopulate.js HTTP/1.1" 200 1538
INFO 2019-02-27 10:08:32,625 basehttp 124 "GET /admin/jsi18n/ HTTP/1.1" 200 7682
INFO 2019-02-27 10:08:32,641 basehttp 124 "GET /static/admin/js/vendor/jquery/jquery.js HTTP/1.1" 200 258648
INFO 2019-02-27 10:08:32,652 basehttp 124 "GET /static/admin/js/admin/RelatedObjectLookups.js HTTP/1.1" 200 6591
INFO 2019-02-27 10:08:32,666 basehttp 124 "GET /static/admin/img/search.svg HTTP/1.1" 200 458
INFO 2019-02-27 10:08:32,680 basehttp 124 "GET /static/admin/js/vendor/xregexp/xregexp.js HTTP/1.1" 200 128820
INFO 2019-02-27 10:08:32,742 basehttp 124 "GET /static/admin/img/tooltag-add.svg HTTP/1.1" 200 331
INFO 2019-02-27 10:08:35,222 basehttp 124 "GET /admin/ HTTP/1.1" 200 2353
INFO 2019-02-27 10:08:44,768 basehttp 124 "GET / HTTP/1.1" 200 5211
INFO 2019-02-27 10:13:00,724 basehttp 124 "GET /addresses/ HTTP/1.1" 200 96845
WARNING 2019-02-27 10:16:04,573 basehttp 124 "GET /static/rest_framework/css/bootstrap.min.css.map HTTP/1.1" 404 1733
INFO 2019-02-27 10:17:04,907 basehttp 124 "POST /addresses/ HTTP/1.1" 201 97086
INFO 2019-02-27 10:25:54,627 basehttp 124 "OPTIONS /addresses/ HTTP/1.1" 200 0
WARNING 2019-02-27 10:25:54,634 basehttp 124 "POST /addresses/ HTTP/1.1" 401 35
WARNING 2019-02-27 10:26:05,157 basehttp 124 "POST /addresses/ HTTP/1.1" 401 35
WARNING 2019-02-27 10:26:18,144 basehttp 124 "POST /addresses/ HTTP/1.1" 401 35
WARNING 2019-02-27 10:26:19,874 basehttp 124 "GET /addresses/ HTTP/1.1" 401 35
WARNING 2019-02-27 10:26:20,001 base 152 Not Found: /cart/count/
WARNING 2019-02-27 10:26:20,002 basehttp 124 "GET /cart/count/ HTTP/1.1" 404 4075
WARNING 2019-02-27 10:26:27,877 basehttp 124 "GET /addresses/ HTTP/1.1" 401 35
WARNING 2019-02-27 10:26:27,964 base 152 Not Found: /cart/count/
WARNING 2019-02-27 10:26:27,965 basehttp 124 "GET /cart/count/ HTTP/1.1" 404 4075
WARNING 2019-02-27 10:26:38,894 base 152 Not Found: /cart/count/
WARNING 2019-02-27 10:26:38,894 basehttp 124 "GET /cart/count/ HTTP/1.1" 404 4075
INFO 2019-02-27 10:26:40,141 basehttp 124 "OPTIONS /authorizations/ HTTP/1.1" 200 0
INFO 2019-02-27 10:26:40,187 basehttp 124 "POST /authorizations/ HTTP/1.1" 200 209
WARNING 2019-02-27 10:26:40,426 base 152 Not Found: /goods/recommend/
WARNING 2019-02-27 10:26:40,427 basehttp 124 "GET /goods/recommend/ HTTP/1.1" 404 4090
WARNING 2019-02-27 10:26:40,436 base 152 Not Found: /goods/category/
WARNING 2019-02-27 10:26:40,441 basehttp 124 "GET /goods/category/ HTTP/1.1" 404 4087
WARNING 2019-02-27 10:26:40,592 base 152 Not Found: /cart/count/
WARNING 2019-02-27 10:26:40,608 basehttp 124 "GET /cart/count/ HTTP/1.1" 404 4075
WARNING 2019-02-27 10:26:47,937 base 152 Not Found: /cart/count/
WARNING 2019-02-27 10:26:47,938 basehttp 124 "GET /cart/count/ HTTP/1.1" 404 4075
INFO 2019-02-27 10:26:48,008 basehttp 124 "GET /addresses/ HTTP/1.1" 200 65
WARNING 2019-02-27 10:26:49,293 base 152 Not Found: /cart/count/
WARNING 2019-02-27 10:26:49,294 basehttp 124 "GET /cart/count/ HTTP/1.1" 404 4075
INFO 2019-02-27 10:26:49,341 basehttp 124 "GET /areas/ HTTP/1.1" 200 1204
INFO 2019-02-27 10:26:55,023 basehttp 124 "GET /areas/460000/ HTTP/1.1" 200 224
INFO 2019-02-27 10:26:56,793 basehttp 124 "GET /areas/440000/ HTTP/1.1" 200 734
INFO 2019-02-27 10:26:58,618 basehttp 124 "GET /areas/440100/ HTTP/1.1" 200 404
WARNING 2019-02-27 10:27:17,195 basehttp 124 "POST /addresses/ HTTP/1.1" 400 41
WARNING 2019-02-27 10:27:21,977 basehttp 124 "POST /addresses/ HTTP/1.1" 400 41
WARNING 2019-02-27 10:27:25,242 basehttp 124 "POST /addresses/ HTTP/1.1" 400 41
WARNING 2019-02-27 10:27:29,701 basehttp 124 "POST /addresses/ HTTP/1.1" 400 41
INFO 2019-02-27 10:27:43,547 basehttp 124 "GET /addresses/ HTTP/1.1" 200 65
WARNING 2019-02-27 10:27:43,657 base 152 Not Found: /cart/count/
WARNING 2019-02-27 10:27:43,660 basehttp 124 "GET /cart/count/ HTTP/1.1" 404 4075
INFO 2019-02-27 10:28:36,565 basehttp 124 "POST /addresses/ HTTP/1.1" 201 97086
WARNING 2019-02-27 10:28:41,156 basehttp 124 "GET /static/rest_framework/css/bootstrap.min.css.map HTTP/1.1" 404 1733
INFO 2019-02-27 10:28:51,096 basehttp 124 "POST /addresses/ HTTP/1.1" 201 97086
INFO 2019-02-27 10:28:51,162 basehttp 124 "GET /static/rest_framework/css/bootstrap-tweaks.css HTTP/1.1" 200 3385
INFO 2019-02-27 10:28:51,164 basehttp 124 "GET /static/rest_framework/css/default.css HTTP/1.1" 200 1131
INFO 2019-02-27 10:28:51,165 basehttp 124 "GET /static/rest_framework/css/prettify.css HTTP/1.1" 200 817
INFO 2019-02-27 10:28:51,166 basehttp 124 "GET /static/rest_framework/css/bootstrap.min.css HTTP/1.1" 200 121200
INFO 2019-02-27 10:28:51,175 basehttp 124 "GET /static/rest_framework/js/ajax-form.js HTTP/1.1" 200 3597
INFO 2019-02-27 10:28:51,198 basehttp 124 "GET /static/rest_framework/js/csrf.js HTTP/1.1" 200 1735
INFO 2019-02-27 10:28:51,210 basehttp 124 "GET /static/rest_framework/js/jquery-3.3.1.min.js HTTP/1.1" 200 86927
INFO 2019-02-27 10:28:51,215 basehttp 124 "GET /static/rest_framework/js/bootstrap.min.js HTTP/1.1" 200 37045
INFO 2019-02-27 10:28:51,221 basehttp 124 "GET /static/rest_framework/js/prettify-min.js HTTP/1.1" 200 13632
INFO 2019-02-27 10:28:51,221 basehttp 124 "GET /static/rest_framework/js/default.js HTTP/1.1" 200 1268
WARNING 2019-02-27 10:28:51,299 basehttp 124 "GET /static/rest_framework/css/bootstrap.min.css.map HTTP/1.1" 404 1733
INFO 2019-02-27 10:28:51,309 basehttp 124 "GET /static/rest_framework/img/grid.png HTTP/1.1" 200 1458
INFO 2019-02-27 10:30:53,337 basehttp 124 "GET /addresses/ HTTP/1.1" 200 65
WARNING 2019-02-27 10:30:53,462 base 152 Not Found: /cart/count/
WARNING 2019-02-27 10:30:53,467 basehttp 124 "GET /cart/count/ HTTP/1.1" 404 4075
INFO 2019-02-27 10:30:57,549 basehttp 124 "GET /areas/ HTTP/1.1" 200 1204
WARNING 2019-02-27 10:30:57,629 base 152 Not Found: /cart/count/
WARNING 2019-02-27 10:30:57,630 basehttp 124 "GET /cart/count/ HTTP/1.1" 404 4075
INFO 2019-02-27 10:31:03,828 basehttp 124 "GET /areas/450000/ HTTP/1.1" 200 518
INFO 2019-02-27 10:31:05,324 basehttp 124 "GET /areas/440000/ HTTP/1.1" 200 734
INFO 2019-02-27 10:31:07,241 basehttp 124 "GET /areas/440100/ HTTP/1.1" 200 404
INFO 2019-02-27 10:31:25,878 basehttp 124 "OPTIONS /addresses/ HTTP/1.1" 200 0
WARNING 2019-02-27 10:31:25,894 basehttp 124 "POST /addresses/ HTTP/1.1" 400 41
INFO 2019-02-27 10:31:38,328 basehttp 124 "OPTIONS /addresses/ HTTP/1.1" 200 0
WARNING 2019-02-27 10:31:38,360 basehttp 124 "POST /addresses/ HTTP/1.1" 400 41
WARNING 2019-02-27 10:36:08,956 base 152 Not Found: /cart/count/
WARNING 2019-02-27 10:36:08,965 basehttp 124 "GET /cart/count/ HTTP/1.1" 404 4075
INFO 2019-02-27 10:36:09,075 basehttp 124 "GET /areas/ HTTP/1.1" 200 1204
INFO 2019-02-27 10:36:19,739 basehttp 124 "GET /areas/440000/ HTTP/1.1" 200 734
INFO 2019-02-27 10:36:21,613 basehttp 124 "GET /areas/440100/ HTTP/1.1" 200 404
INFO 2019-02-27 10:36:38,854 basehttp 124 "OPTIONS /addresses/ HTTP/1.1" 200 0
INFO 2019-02-27 10:36:38,909 basehttp 124 "POST /addresses/ HTTP/1.1" 201 218
INFO 2019-02-27 10:36:39,290 basehttp 124 "OPTIONS /addresses/ HTTP/1.1" 200 0
WARNING 2019-02-27 10:36:39,551 base 152 Not Found: /cart/count/
WARNING 2019-02-27 10:36:39,551 basehttp 124 "GET /cart/count/ HTTP/1.1" 404 4075
INFO 2019-02-27 10:36:39,623 basehttp 124 "GET /addresses/ HTTP/1.1" 200 283
INFO 2019-02-27 10:37:45,400 basehttp 124 "OPTIONS /addresses/4/status/ HTTP/1.1" 200 0
WARNING 2019-02-27 10:37:45,420 base 152 Not Found: /addresses/4/status/
WARNING 2019-02-27 10:37:45,423 basehttp 124 "PUT /addresses/4/status/ HTTP/1.1" 404 4099
INFO 2019-02-27 10:37:48,820 basehttp 124 "OPTIONS /addresses/4/status/ HTTP/1.1" 200 0
WARNING 2019-02-27 10:37:48,842 base 152 Not Found: /addresses/4/status/
WARNING 2019-02-27 10:37:48,848 basehttp 124 "PUT /addresses/4/status/ HTTP/1.1" 404 4099
WARNING 2019-02-27 10:37:51,628 base 152 Not Found: /cart/count/
WARNING 2019-02-27 10:37:51,629 basehttp 124 "GET /cart/count/ HTTP/1.1" 404 4075
INFO 2019-02-27 10:37:51,739 basehttp 124 "GET /areas/ HTTP/1.1" 200 1204
INFO 2019-02-27 10:38:02,756 basehttp 124 "GET /areas/440000/ HTTP/1.1" 200 734
INFO 2019-02-27 10:38:05,048 basehttp 124 "GET /areas/440100/ HTTP/1.1" 200 404
INFO 2019-02-27 10:38:30,364 basehttp 124 "OPTIONS /addresses/ HTTP/1.1" 200 0
INFO 2019-02-27 10:38:30,413 basehttp 124 "POST /addresses/ HTTP/1.1" 201 218
WARNING 2019-02-27 10:38:30,901 base 152 Not Found: /cart/count/
WARNING 2019-02-27 10:38:30,903 basehttp 124 "GET /cart/count/ HTTP/1.1" 404 4075
INFO 2019-02-27 10:38:31,004 basehttp 124 "OPTIONS /addresses/ HTTP/1.1" 200 0
INFO 2019-02-27 10:38:31,204 basehttp 124 "GET /addresses/ HTTP/1.1" 200 502
INFO 2019-02-27 10:38:34,805 basehttp 124 "OPTIONS /addresses/4/status/ HTTP/1.1" 200 0
WARNING 2019-02-27 10:38:34,826 base 152 Not Found: /addresses/4/status/
WARNING 2019-02-27 10:38:34,838 basehttp 124 "PUT /addresses/4/status/ HTTP/1.1" 404 4099
INFO 2019-02-27 10:38:42,569 basehttp 124 "OPTIONS /addresses/ HTTP/1.1" 200 0
WARNING 2019-02-27 10:38:42,795 base 152 Not Found: /cart/count/
WARNING 2019-02-27 10:38:42,807 basehttp 124 "GET /cart/count/ HTTP/1.1" 404 4075
INFO 2019-02-27 10:38:42,889 basehttp 124 "GET /addresses/ HTTP/1.1" 200 502
INFO 2019-02-27 10:54:08,530 basehttp 124 "POST /addresses/ HTTP/1.1" 201 10868
INFO 2019-02-27 10:54:08,571 basehttp 124 "GET /static/rest_framework/css/prettify.css HTTP/1.1" 200 817
INFO 2019-02-27 10:54:08,585 basehttp 124 "GET /static/rest_framework/css/bootstrap-tweaks.css HTTP/1.1" 200 3385
INFO 2019-02-27 10:54:08,597 basehttp 124 "GET /static/rest_framework/css/bootstrap.min.css HTTP/1.1" 200 121200
INFO 2019-02-27 10:54:08,603 basehttp 124 "GET /static/rest_framework/css/default.css HTTP/1.1" 200 1131
INFO 2019-02-27 10:54:08,608 basehttp 124 "GET /static/rest_framework/js/jquery-3.3.1.min.js HTTP/1.1" 200 86927
INFO 2019-02-27 10:54:08,615 basehttp 124 "GET /static/rest_framework/js/ajax-form.js HTTP/1.1" 200 3597
INFO 2019-02-27 10:54:08,644 basehttp 124 "GET /static/rest_framework/js/csrf.js HTTP/1.1" 200 1735
INFO 2019-02-27 10:54:08,653 basehttp 124 "GET /static/rest_framework/js/bootstrap.min.js HTTP/1.1" 200 37045
INFO 2019-02-27 10:54:08,663 basehttp 124 "GET /static/rest_framework/js/prettify-min.js HTTP/1.1" 200 13632
INFO 2019-02-27 10:54:08,669 basehttp 124 "GET /static/rest_framework/js/default.js HTTP/1.1" 200 1268
INFO 2019-02-27 10:54:08,739 basehttp 124 "GET /static/rest_framework/img/grid.png HTTP/1.1" 200 1458
WARNING 2019-02-27 10:54:08,750 basehttp 124 "GET /static/rest_framework/css/bootstrap.min.css.map HTTP/1.1" 404 1733
INFO 2019-02-27 11:09:26,738 basehttp 124 "OPTIONS /addresses/4/status/ HTTP/1.1" 200 0
WARNING 2019-02-27 11:09:26,760 base 152 Not Found: /addresses/4/status/
WARNING 2019-02-27 11:09:26,761 basehttp 124 "PUT /addresses/4/status/ HTTP/1.1" 404 4099
INFO 2019-02-27 11:19:48,412 basehttp 124 "OPTIONS /addresses/ HTTP/1.1" 200 0
WARNING 2019-02-27 11:19:48,642 base 152 Not Found: /cart/count/
WARNING 2019-02-27 11:19:48,681 basehttp 124 "GET /cart/count/ HTTP/1.1" 404 4075
INFO 2019-02-27 11:19:48,804 basehttp 124 "GET /addresses/ HTTP/1.1" 200 496
INFO 2019-02-27 11:19:52,062 basehttp 124 "OPTIONS /addresses/4/status/ HTTP/1.1" 200 0
WARNING 2019-02-27 11:19:52,091 base 152 Not Found: /addresses/4/status/
WARNING 2019-02-27 11:19:52,093 basehttp 124 "PUT /addresses/4/status/ HTTP/1.1" 404 4099
INFO 2019-02-27 11:21:59,987 basehttp 124 "OPTIONS /addresses/ HTTP/1.1" 200 0
WARNING 2019-02-27 11:22:00,203 base 152 Not Found: /cart/count/
WARNING 2019-02-27 11:22:00,220 basehttp 124 "GET /cart/count/ HTTP/1.1" 404 4075
INFO 2019-02-27 11:22:00,579 basehttp 124 "GET /addresses/ HTTP/1.1" 200 496
WARNING 2019-02-27 11:22:02,931 base 152 Not Found: /cart/count/
WARNING 2019-02-27 11:22:02,932 basehttp 124 "GET /cart/count/ HTTP/1.1" 404 4075
INFO 2019-02-27 11:22:02,992 basehttp 124 "OPTIONS /addresses/ HTTP/1.1" 200 0
INFO 2019-02-27 11:22:03,121 basehttp 124 "GET /addresses/ HTTP/1.1" 200 496
INFO 2019-02-27 11:22:08,753 basehttp 124 "OPTIONS /addresses/5/status/ HTTP/1.1" 200 0
WARNING 2019-02-27 11:22:08,776 base 152 Not Found: /addresses/5/status/
WARNING 2019-02-27 11:22:08,789 basehttp 124 "PUT /addresses/5/status/ HTTP/1.1" 404 4099
WARNING 2019-02-27 14:25:29,379 base 152 Not Found: /news/top/
WARNING 2019-02-27 14:25:29,383 base 152 Not Found: /news/category/
WARNING 2019-02-27 14:25:29,384 basehttp 124 "GET /news/top/ HTTP/1.1" 404 4069
WARNING 2019-02-27 14:25:29,400 basehttp 124 "GET /news/category/ HTTP/1.1" 404 4084
WARNING 2019-02-27 14:25:29,568 base 152 Not Found: /cart/count/
WARNING 2019-02-27 14:25:29,582 basehttp 124 "GET /cart/count/ HTTP/1.1" 404 4075
WARNING 2019-02-27 15:05:15,732 base 152 Not Found: /cart/count/
WARNING 2019-02-27 15:05:15,734 basehttp 124 "GET /cart/count/ HTTP/1.1" 404 4075
WARNING 2019-02-27 15:05:15,867 base 152 Not Found: /news/top/
WARNING 2019-02-27 15:05:15,872 basehttp 124 "GET /news/top/ HTTP/1.1" 404 4069
WARNING 2019-02-27 15:05:15,880 base 152 Not Found: /news/category/
WARNING 2019-02-27 15:05:15,881 basehttp 124 "GET /news/category/ HTTP/1.1" 404 4084
INFO 2019-02-27 15:05:18,932 basehttp 124 "OPTIONS /addresses/ HTTP/1.1" 200 0
WARNING 2019-02-27 15:05:19,154 base 152 Not Found: /cart/count/
WARNING 2019-02-27 15:05:19,159 basehttp 124 "GET /cart/count/ HTTP/1.1" 404 4075
INFO 2019-02-27 15:05:19,326 basehttp 124 "GET /addresses/ HTTP/1.1" 200 496
INFO 2019-02-27 15:05:28,204 basehttp 124 "OPTIONS /addresses/5/status/ HTTP/1.1" 200 0
WARNING 2019-02-27 15:05:28,216 base 152 Not Found: /addresses/5/status/
WARNING 2019-02-27 15:05:28,216 basehttp 124 "PUT /addresses/5/status/ HTTP/1.1" 404 4099
INFO 2019-02-27 15:13:42,225 basehttp 124 "OPTIONS /addresses/5/status/ HTTP/1.1" 200 0
WARNING 2019-02-27 15:13:42,243 base 152 Not Found: /addresses/5/status/
WARNING 2019-02-27 15:13:42,245 basehttp 124 "PUT /addresses/5/status/ HTTP/1.1" 404 4099
INFO 2019-02-27 15:18:42,888 basehttp 124 "OPTIONS /addresses/ HTTP/1.1" 200 0
WARNING 2019-02-27 15:18:43,203 base 152 Not Found: /cart/count/
WARNING 2019-02-27 15:18:43,204 basehttp 124 "GET /cart/count/ HTTP/1.1" 404 3710
INFO 2019-02-27 15:18:43,327 basehttp 124 "GET /addresses/ HTTP/1.1" 200 496
INFO 2019-02-27 15:18:47,766 basehttp 124 "OPTIONS /addresses/5/status/ HTTP/1.1" 200 0
INFO 2019-02-27 15:18:47,965 basehttp 124 "PUT /addresses/5/status/ HTTP/1.1" 200 16
INFO 2019-02-27 15:18:53,666 basehttp 124 "OPTIONS /addresses/ HTTP/1.1" 200 0
WARNING 2019-02-27 15:18:54,100 base 152 Not Found: /cart/count/
WARNING 2019-02-27 15:18:54,103 basehttp 124 "GET /cart/count/ HTTP/1.1" 404 3710
INFO 2019-02-27 15:18:54,194 basehttp 124 "GET /addresses/ HTTP/1.1" 200 493
INFO 2019-02-27 15:18:56,342 basehttp 124 "OPTIONS /addresses/4/status/ HTTP/1.1" 200 0
INFO 2019-02-27 15:18:56,471 basehttp 124 "PUT /addresses/4/status/ HTTP/1.1" 200 16
INFO 2019-02-27 15:18:59,997 basehttp 124 "OPTIONS /addresses/ HTTP/1.1" 200 0
WARNING 2019-02-27 15:19:00,200 base 152 Not Found: /cart/count/
WARNING 2019-02-27 15:19:00,200 basehttp 124 "GET /cart/count/ HTTP/1.1" 404 3710
INFO 2019-02-27 15:19:00,319 basehttp 124 "GET /addresses/ HTTP/1.1" 200 493
INFO 2019-02-28 12:30:36,283 basehttp 124 "GET / HTTP/1.1" 200 5185
INFO 2019-02-28 12:30:36,407 basehttp 124 "GET /static/rest_framework/js/ajax-form.js HTTP/1.1" 304 0
INFO 2019-02-28 12:30:36,412 basehttp 124 "GET /static/rest_framework/css/default.css HTTP/1.1" 304 0
INFO 2019-02-28 12:30:36,414 basehttp 124 "GET /static/rest_framework/js/jquery-3.3.1.min.js HTTP/1.1" 304 0
INFO 2019-02-28 12:30:36,418 basehttp 124 "GET /static/rest_framework/js/csrf.js HTTP/1.1" 304 0
INFO 2019-02-28 12:30:36,421 basehttp 124 "GET /static/rest_framework/css/bootstrap.min.css HTTP/1.1" 304 0
INFO 2019-02-28 12:30:36,435 basehttp 124 "GET /static/rest_framework/css/prettify.css HTTP/1.1" 304 0
INFO 2019-02-28 12:30:36,446 basehttp 124 "GET /static/rest_framework/js/prettify-min.js HTTP/1.1" 304 0
INFO 2019-02-28 12:30:36,461 basehttp 124 "GET /static/rest_framework/css/bootstrap-tweaks.css HTTP/1.1" 304 0
INFO 2019-02-28 12:30:36,463 basehttp 124 "GET /static/rest_framework/js/bootstrap.min.js HTTP/1.1" 304 0
INFO 2019-02-28 12:30:36,468 basehttp 124 "GET /static/rest_framework/js/default.js HTTP/1.1" 304 0
INFO 2019-02-28 12:30:36,991 basehttp 124 "GET /static/rest_framework/img/grid.png HTTP/1.1" 304 0
WARNING 2019-02-28 12:30:37,478 base 152 Not Found: /favicon.ico
WARNING 2019-02-28 12:30:37,481 basehttp 124 "GET /favicon.ico HTTP/1.1" 404 5066
INFO 2019-02-28 12:30:59,945 basehttp 124 "GET /goods/recommend/ HTTP/1.1" 200 7116
INFO 2019-02-28 12:37:50,501 basehttp 124 "GET /goods/category/ HTTP/1.1" 200 121001
ERROR 2019-02-28 12:50:20,769 exception 135 Internal Server Error: /goods/
Traceback (most recent call last):
  File "/home/python/.virtualenvs/chen_cms_django/lib/python3.5/site-packages/django/utils/datastructures.py", line 83, in __getitem__
    list_ = super(MultiValueDict, self).__getitem__(key)
KeyError: 'category'

During handling of the above exception, another exception occurred:

Traceback (most recent call last):
  File "/home/python/.virtualenvs/chen_cms_django/lib/python3.5/site-packages/django/core/handlers/exception.py", line 41, in inner
    response = get_response(request)
  File "/home/python/.virtualenvs/chen_cms_django/lib/python3.5/site-packages/django/core/handlers/base.py", line 187, in _get_response
    response = self.process_exception_by_middleware(e, request)
  File "/home/python/.virtualenvs/chen_cms_django/lib/python3.5/site-packages/django/core/handlers/base.py", line 185, in _get_response
    response = wrapped_callback(request, *callback_args, **callback_kwargs)
  File "/home/python/.virtualenvs/chen_cms_django/lib/python3.5/site-packages/django/views/decorators/csrf.py", line 58, in wrapped_view
    return view_func(*args, **kwargs)
  File "/home/python/.virtualenvs/chen_cms_django/lib/python3.5/site-packages/rest_framework/viewsets.py", line 116, in view
    return self.dispatch(request, *args, **kwargs)
  File "/home/python/.virtualenvs/chen_cms_django/lib/python3.5/site-packages/rest_framework/views.py", line 495, in dispatch
    response = self.handle_exception(exc)
  File "/home/python/.virtualenvs/chen_cms_django/lib/python3.5/site-packages/rest_framework/views.py", line 455, in handle_exception
    self.raise_uncaught_exception(exc)
  File "/home/python/.virtualenvs/chen_cms_django/lib/python3.5/site-packages/rest_framework/views.py", line 492, in dispatch
    response = handler(request, *args, **kwargs)
  File "/home/python/Desktop/python_files/cmstest/cmstest/cmstest/apps/goods/views.py", line 64, in list
    cat_id = request.query_params['category']
  File "/home/python/.virtualenvs/chen_cms_django/lib/python3.5/site-packages/django/utils/datastructures.py", line 85, in __getitem__
    raise MultiValueDictKeyError(repr(key))
django.utils.datastructures.MultiValueDictKeyError: "'category'"
ERROR 2019-02-28 12:50:20,937 basehttp 124 "GET /goods/?cat_id=41 HTTP/1.1" 500 105562
INFO 2019-02-28 12:53:21,082 basehttp 124 "GET /goods/?category=43&ordering=sales HTTP/1.1" 200 18344
INFO 2019-02-28 14:05:30,465 basehttp 124 "GET /goods/88/ HTTP/1.1" 200 11547
INFO 2019-02-28 14:12:44,870 basehttp 124 "GET /category/40/ HTTP/1.1" 200 5297
INFO 2019-02-28 14:13:05,328 basehttp 124 "GET /category/43/ HTTP/1.1" 200 5380
INFO 2019-03-05 15:17:25,062 basehttp 124 "GET /goods/recommend/ HTTP/1.1" 200 1024
WARNING 2019-03-05 15:17:25,235 base 152 Not Found: /cart/count/
WARNING 2019-03-05 15:17:25,236 basehttp 124 "GET /cart/count/ HTTP/1.1" 404 5066
INFO 2019-03-05 15:17:25,395 basehttp 124 "GET /goods/category/ HTTP/1.1" 200 77883
INFO 2019-03-05 15:17:35,072 basehttp 124 "GET /goods/recommend/ HTTP/1.1" 200 1024
WARNING 2019-03-05 15:17:35,285 base 152 Not Found: /cart/count/
WARNING 2019-03-05 15:17:35,286 basehttp 124 "GET /cart/count/ HTTP/1.1" 404 5066
INFO 2019-03-05 15:17:35,478 basehttp 124 "GET /goods/category/ HTTP/1.1" 200 77883
INFO 2019-03-05 15:17:41,416 basehttp 124 "GET /goods/recommend/ HTTP/1.1" 200 1024
WARNING 2019-03-05 15:17:41,580 base 152 Not Found: /cart/count/
WARNING 2019-03-05 15:17:41,582 basehttp 124 "GET /cart/count/ HTTP/1.1" 404 5066
INFO 2019-03-05 15:17:42,130 basehttp 124 "GET /goods/category/ HTTP/1.1" 200 77883
INFO 2019-03-05 15:17:45,407 basehttp 124 "GET /goods/recommend/ HTTP/1.1" 200 1024
INFO 2019-03-05 15:17:45,410 basehttp 124 "GET /goods/87/ HTTP/1.1" 200 2047
WARNING 2019-03-05 15:17:45,488 base 152 Not Found: /cart/count/
WARNING 2019-03-05 15:17:45,489 basehttp 124 "GET /cart/count/ HTTP/1.1" 404 5066
INFO 2019-03-05 15:17:55,045 basehttp 124 "GET /category/43/ HTTP/1.1" 200 74
INFO 2019-03-05 15:17:55,131 basehttp 124 "GET /goods/?category=43&ordering=create_time HTTP/1.1" 200 8526
WARNING 2019-03-05 15:17:55,178 base 152 Not Found: /cart/count/
WARNING 2019-03-05 15:17:55,179 basehttp 124 "GET /cart/count/ HTTP/1.1" 404 5066
INFO 2019-03-05 15:17:56,795 basehttp 124 "GET /goods/?category=43&ordering=sell_price HTTP/1.1" 200 8526
INFO 2019-03-05 15:17:57,501 basehttp 124 "GET /goods/?category=43&ordering=-sell_price HTTP/1.1" 200 8526
INFO 2019-03-05 15:17:58,207 basehttp 124 "GET /goods/?category=43&ordering=sell_price HTTP/1.1" 200 8526
INFO 2019-03-05 15:17:58,833 basehttp 124 "GET /goods/?category=43&ordering=create_time HTTP/1.1" 200 8526
INFO 2019-03-05 15:17:59,383 basehttp 124 "GET /goods/?category=43&ordering=sales HTTP/1.1" 200 8526
INFO 2019-03-05 15:17:59,939 basehttp 124 "GET /goods/?category=43&ordering=sell_price HTTP/1.1" 200 8526
INFO 2019-03-05 15:18:00,370 basehttp 124 "GET /goods/?category=43&ordering=-sell_price HTTP/1.1" 200 8526
INFO 2019-03-05 15:18:01,782 basehttp 124 "GET /category/40/ HTTP/1.1" 200 46
WARNING 2019-03-05 15:18:01,897 base 152 Not Found: /cart/count/
WARNING 2019-03-05 15:18:01,898 basehttp 124 "GET /cart/count/ HTTP/1.1" 404 5066
INFO 2019-03-05 15:18:01,917 basehttp 124 "GET /goods/?category=40&ordering=create_time HTTP/1.1" 200 30905
INFO 2019-03-05 15:18:03,312 basehttp 124 "GET /goods/?category=40&ordering=sales HTTP/1.1" 200 30905
INFO 2019-03-05 15:18:03,902 basehttp 124 "GET /goods/?category=40&ordering=sell_price HTTP/1.1" 200 30905
INFO 2019-03-05 15:18:04,501 basehttp 124 "GET /goods/?category=40&ordering=-sell_price HTTP/1.1" 200 30905
INFO 2019-03-05 15:18:05,970 basehttp 124 "GET /goods/?category=40&ordering=sell_price HTTP/1.1" 200 30905
INFO 2019-03-05 15:18:06,816 basehttp 124 "GET /goods/?category=40&ordering=-sell_price HTTP/1.1" 200 30905
INFO 2019-03-05 15:18:13,980 basehttp 124 "GET /goods/?category=40&ordering=sell_price HTTP/1.1" 200 30905
INFO 2019-03-05 15:18:14,668 basehttp 124 "GET /goods/?category=40&ordering=-sell_price HTTP/1.1" 200 30905
INFO 2019-03-05 15:18:15,375 basehttp 124 "GET /goods/?category=40&ordering=sell_price HTTP/1.1" 200 30905
INFO 2019-03-05 15:18:16,681 basehttp 124 "GET /goods/?category=40&ordering=sales HTTP/1.1" 200 30905
INFO 2019-03-05 15:18:17,374 basehttp 124 "GET /goods/?category=40&ordering=sell_price HTTP/1.1" 200 30905
INFO 2019-03-05 15:18:21,391 basehttp 124 "GET /goods/?category=40&ordering=-sell_price HTTP/1.1" 200 30905
INFO 2019-03-05 15:18:22,714 basehttp 124 "GET /goods/?category=40&ordering=sell_price HTTP/1.1" 200 30905
INFO 2019-03-05 15:18:25,049 basehttp 124 "GET /goods/?category=40&ordering=-sell_price HTTP/1.1" 200 30905
INFO 2019-03-05 15:18:25,717 basehttp 124 "GET /goods/?category=40&ordering=sell_price HTTP/1.1" 200 30905
INFO 2019-03-05 15:18:27,639 basehttp 124 "GET /goods/?category=40&ordering=-sell_price HTTP/1.1" 200 30905
INFO 2019-03-05 15:18:28,301 basehttp 124 "GET /goods/?category=40&ordering=sell_price HTTP/1.1" 200 30905
INFO 2019-03-05 15:18:29,551 basehttp 124 "GET /goods/?category=40&ordering=sales HTTP/1.1" 200 30905
INFO 2019-03-05 15:18:36,939 basehttp 124 "GET /goods/?category=40&ordering=create_time HTTP/1.1" 200 30905
INFO 2019-03-05 15:18:37,840 basehttp 124 "GET /goods/?category=40&ordering=sales HTTP/1.1" 200 30905
INFO 2019-03-05 15:18:38,398 basehttp 124 "GET /goods/?category=40&ordering=sell_price HTTP/1.1" 200 30905
INFO 2019-03-05 15:18:39,897 basehttp 124 "GET /goods/?category=40&ordering=-sell_price HTTP/1.1" 200 30905
INFO 2019-03-05 15:18:40,509 basehttp 124 "GET /goods/?category=40&ordering=sell_price HTTP/1.1" 200 30905
INFO 2019-03-05 15:18:40,998 basehttp 124 "GET /goods/?category=40&ordering=-sell_price HTTP/1.1" 200 30905
INFO 2019-03-05 15:23:27,010 basehttp 124 "GET /category/40/ HTTP/1.1" 200 46
ERROR 2019-03-05 15:23:27,029 exception 135 Internal Server Error: /goods/
Traceback (most recent call last):
  File "/home/python/.virtualenvs/chen_cms_django/lib/python3.5/site-packages/django/core/handlers/exception.py", line 41, in inner
    response = get_response(request)
  File "/home/python/.virtualenvs/chen_cms_django/lib/python3.5/site-packages/django/core/handlers/base.py", line 187, in _get_response
    response = self.process_exception_by_middleware(e, request)
  File "/home/python/.virtualenvs/chen_cms_django/lib/python3.5/site-packages/django/core/handlers/base.py", line 185, in _get_response
    response = wrapped_callback(request, *callback_args, **callback_kwargs)
  File "/home/python/.virtualenvs/chen_cms_django/lib/python3.5/site-packages/django/views/decorators/csrf.py", line 58, in wrapped_view
    return view_func(*args, **kwargs)
  File "/home/python/.virtualenvs/chen_cms_django/lib/python3.5/site-packages/rest_framework/viewsets.py", line 116, in view
    return self.dispatch(request, *args, **kwargs)
  File "/home/python/.virtualenvs/chen_cms_django/lib/python3.5/site-packages/rest_framework/views.py", line 495, in dispatch
    response = self.handle_exception(exc)
  File "/home/python/.virtualenvs/chen_cms_django/lib/python3.5/site-packages/rest_framework/views.py", line 455, in handle_exception
    self.raise_uncaught_exception(exc)
  File "/home/python/.virtualenvs/chen_cms_django/lib/python3.5/site-packages/rest_framework/views.py", line 492, in dispatch
    response = handler(request, *args, **kwargs)
  File "/home/python/Desktop/python_files/cmstest/cmstest/cmstest/apps/goods/views.py", line 86, in list
    goods = Goods.objects.filter(category_id__in=ids).order_by(order)
NameError: name 'order' is not defined
ERROR 2019-03-05 15:23:27,126 basehttp 124 "GET /goods/?category=40&ordering=create_time HTTP/1.1" 500 18065
WARNING 2019-03-05 15:23:27,162 base 152 Not Found: /cart/count/
WARNING 2019-03-05 15:23:27,166 basehttp 124 "GET /cart/count/ HTTP/1.1" 404 5066
ERROR 2019-03-05 15:23:28,467 exception 135 Internal Server Error: /goods/
Traceback (most recent call last):
  File "/home/python/.virtualenvs/chen_cms_django/lib/python3.5/site-packages/django/core/handlers/exception.py", line 41, in inner
    response = get_response(request)
  File "/home/python/.virtualenvs/chen_cms_django/lib/python3.5/site-packages/django/core/handlers/base.py", line 187, in _get_response
    response = self.process_exception_by_middleware(e, request)
  File "/home/python/.virtualenvs/chen_cms_django/lib/python3.5/site-packages/django/core/handlers/base.py", line 185, in _get_response
    response = wrapped_callback(request, *callback_args, **callback_kwargs)
  File "/home/python/.virtualenvs/chen_cms_django/lib/python3.5/site-packages/django/views/decorators/csrf.py", line 58, in wrapped_view
    return view_func(*args, **kwargs)
  File "/home/python/.virtualenvs/chen_cms_django/lib/python3.5/site-packages/rest_framework/viewsets.py", line 116, in view
    return self.dispatch(request, *args, **kwargs)
  File "/home/python/.virtualenvs/chen_cms_django/lib/python3.5/site-packages/rest_framework/views.py", line 495, in dispatch
    response = self.handle_exception(exc)
  File "/home/python/.virtualenvs/chen_cms_django/lib/python3.5/site-packages/rest_framework/views.py", line 455, in handle_exception
    self.raise_uncaught_exception(exc)
  File "/home/python/.virtualenvs/chen_cms_django/lib/python3.5/site-packages/rest_framework/views.py", line 492, in dispatch
    response = handler(request, *args, **kwargs)
  File "/home/python/Desktop/python_files/cmstest/cmstest/cmstest/apps/goods/views.py", line 86, in list
    goods = Goods.objects.filter(category_id__in=ids).order_by(order)
NameError: name 'order' is not defined
ERROR 2019-03-05 15:23:28,493 basehttp 124 "GET /goods/?category=40&ordering=sell_price HTTP/1.1" 500 18029
ERROR 2019-03-05 15:23:29,317 exception 135 Internal Server Error: /goods/
Traceback (most recent call last):
  File "/home/python/.virtualenvs/chen_cms_django/lib/python3.5/site-packages/django/core/handlers/exception.py", line 41, in inner
    response = get_response(request)
  File "/home/python/.virtualenvs/chen_cms_django/lib/python3.5/site-packages/django/core/handlers/base.py", line 187, in _get_response
    response = self.process_exception_by_middleware(e, request)
  File "/home/python/.virtualenvs/chen_cms_django/lib/python3.5/site-packages/django/core/handlers/base.py", line 185, in _get_response
    response = wrapped_callback(request, *callback_args, **callback_kwargs)
  File "/home/python/.virtualenvs/chen_cms_django/lib/python3.5/site-packages/django/views/decorators/csrf.py", line 58, in wrapped_view
    return view_func(*args, **kwargs)
  File "/home/python/.virtualenvs/chen_cms_django/lib/python3.5/site-packages/rest_framework/viewsets.py", line 116, in view
    return self.dispatch(request, *args, **kwargs)
  File "/home/python/.virtualenvs/chen_cms_django/lib/python3.5/site-packages/rest_framework/views.py", line 495, in dispatch
    response = self.handle_exception(exc)
  File "/home/python/.virtualenvs/chen_cms_django/lib/python3.5/site-packages/rest_framework/views.py", line 455, in handle_exception
    self.raise_uncaught_exception(exc)
  File "/home/python/.virtualenvs/chen_cms_django/lib/python3.5/site-packages/rest_framework/views.py", line 492, in dispatch
    response = handler(request, *args, **kwargs)
  File "/home/python/Desktop/python_files/cmstest/cmstest/cmstest/apps/goods/views.py", line 86, in list
    goods = Goods.objects.filter(category_id__in=ids).order_by(order)
NameError: name 'order' is not defined
ERROR 2019-03-05 15:23:29,373 basehttp 124 "GET /goods/?category=40&ordering=-sell_price HTTP/1.1" 500 18032
WARNING 2019-03-05 15:23:56,581 base 152 Not Found: /cart/count/
WARNING 2019-03-05 15:23:56,583 basehttp 124 "GET /cart/count/ HTTP/1.1" 404 5066
INFO 2019-03-05 15:23:56,815 basehttp 124 "GET /category/40/ HTTP/1.1" 200 46
INFO 2019-03-05 15:23:56,952 basehttp 124 "GET /goods/?category=40&ordering=create_time HTTP/1.1" 200 30905
INFO 2019-03-05 15:23:58,484 basehttp 124 "GET /goods/?category=40&ordering=sell_price HTTP/1.1" 200 30905
INFO 2019-03-05 15:23:59,658 basehttp 124 "GET /goods/?category=40&ordering=-sell_price HTTP/1.1" 200 30905
INFO 2019-03-05 15:24:00,342 basehttp 124 "GET /goods/?category=40&ordering=sell_price HTTP/1.1" 200 30905
INFO 2019-03-05 15:24:01,017 basehttp 124 "GET /goods/?category=40&ordering=sales HTTP/1.1" 200 30905
INFO 2019-03-05 15:24:01,544 basehttp 124 "GET /goods/?category=40&ordering=create_time HTTP/1.1" 200 30905
INFO 2019-03-05 15:24:02,029 basehttp 124 "GET /goods/?category=40&ordering=sales HTTP/1.1" 200 30905
INFO 2019-03-05 15:24:02,273 basehttp 124 "GET /goods/?category=40&ordering=sell_price HTTP/1.1" 200 30905
INFO 2019-03-05 15:24:02,686 basehttp 124 "GET /goods/?category=40&ordering=-sell_price HTTP/1.1" 200 30905
INFO 2019-03-05 15:24:03,051 basehttp 124 "GET /goods/?category=40&ordering=sell_price HTTP/1.1" 200 30905
INFO 2019-03-05 15:24:03,718 basehttp 124 "GET /goods/?category=40&ordering=sales HTTP/1.1" 200 30905
INFO 2019-03-05 15:24:04,182 basehttp 124 "GET /goods/?category=40&ordering=create_time HTTP/1.1" 200 30905
INFO 2019-03-05 15:24:04,412 basehttp 124 "GET /goods/?category=40&ordering=sales HTTP/1.1" 200 30905
INFO 2019-03-05 15:24:04,753 basehttp 124 "GET /goods/?category=40&ordering=sell_price HTTP/1.1" 200 30905
INFO 2019-03-05 15:24:04,929 basehttp 124 "GET /goods/?category=40&ordering=-sell_price HTTP/1.1" 200 30905
INFO 2019-03-05 15:24:05,320 basehttp 124 "GET /goods/?category=40&ordering=sell_price HTTP/1.1" 200 30905
INFO 2019-03-05 15:24:05,793 basehttp 124 "GET /goods/?category=40&ordering=sales HTTP/1.1" 200 30905
INFO 2019-03-05 15:24:06,087 basehttp 124 "GET /goods/?category=40&ordering=create_time HTTP/1.1" 200 30905
INFO 2019-03-05 15:26:02,615 basehttp 124 "GET /category/40/ HTTP/1.1" 200 46
WARNING 2019-03-05 15:26:02,777 base 152 Not Found: /cart/count/
INFO 2019-03-05 15:26:02,783 basehttp 124 "GET /goods/?category=40&ordering=create_time HTTP/1.1" 200 30905
WARNING 2019-03-05 15:26:02,789 basehttp 124 "GET /cart/count/ HTTP/1.1" 404 5066
INFO 2019-03-05 15:26:04,101 basehttp 124 "GET /goods/?category=40&ordering=sell_price HTTP/1.1" 200 30905
INFO 2019-03-05 15:26:04,620 basehttp 124 "GET /goods/?category=40&ordering=-sell_price HTTP/1.1" 200 30905
INFO 2019-03-05 15:26:04,960 basehttp 124 "GET /goods/?category=40&ordering=sell_price HTTP/1.1" 200 30905
INFO 2019-03-05 15:26:05,283 basehttp 124 "GET /goods/?category=40&ordering=sales HTTP/1.1" 200 30905
INFO 2019-03-05 15:26:05,566 basehttp 124 "GET /goods/?category=40&ordering=create_time HTTP/1.1" 200 30905
INFO 2019-03-05 15:27:17,940 basehttp 124 "GET /category/40/ HTTP/1.1" 200 46
INFO 2019-03-05 15:27:18,058 basehttp 124 "GET /goods/?category=40&ordering=create_time HTTP/1.1" 200 30905
WARNING 2019-03-05 15:27:18,116 base 152 Not Found: /cart/count/
WARNING 2019-03-05 15:27:18,118 basehttp 124 "GET /cart/count/ HTTP/1.1" 404 5066
INFO 2019-03-05 15:27:20,137 basehttp 124 "GET /goods/?category=40&ordering=sell_price HTTP/1.1" 200 30905
INFO 2019-03-05 15:27:20,565 basehttp 124 "GET /goods/?category=40&ordering=-sell_price HTTP/1.1" 200 30905
INFO 2019-03-05 15:27:21,124 basehttp 124 "GET /goods/?category=40&ordering=sales HTTP/1.1" 200 30905
INFO 2019-03-05 15:27:21,657 basehttp 124 "GET /goods/?category=40&ordering=create_time HTTP/1.1" 200 30905
ERROR 2019-03-05 15:40:15,135 exception 135 Internal Server Error: /goods/
Traceback (most recent call last):
  File "/home/python/.virtualenvs/chen_cms_django/lib/python3.5/site-packages/django/core/handlers/exception.py", line 41, in inner
    response = get_response(request)
  File "/home/python/.virtualenvs/chen_cms_django/lib/python3.5/site-packages/django/core/handlers/base.py", line 187, in _get_response
    response = self.process_exception_by_middleware(e, request)
  File "/home/python/.virtualenvs/chen_cms_django/lib/python3.5/site-packages/django/core/handlers/base.py", line 185, in _get_response
    response = wrapped_callback(request, *callback_args, **callback_kwargs)
  File "/home/python/.virtualenvs/chen_cms_django/lib/python3.5/site-packages/django/views/decorators/csrf.py", line 58, in wrapped_view
    return view_func(*args, **kwargs)
  File "/home/python/.virtualenvs/chen_cms_django/lib/python3.5/site-packages/rest_framework/viewsets.py", line 116, in view
    return self.dispatch(request, *args, **kwargs)
  File "/home/python/.virtualenvs/chen_cms_django/lib/python3.5/site-packages/rest_framework/views.py", line 495, in dispatch
    response = self.handle_exception(exc)
  File "/home/python/.virtualenvs/chen_cms_django/lib/python3.5/site-packages/rest_framework/views.py", line 455, in handle_exception
    self.raise_uncaught_exception(exc)
  File "/home/python/.virtualenvs/chen_cms_django/lib/python3.5/site-packages/rest_framework/views.py", line 492, in dispatch
    response = handler(request, *args, **kwargs)
  File "/home/python/.virtualenvs/chen_cms_django/lib/python3.5/site-packages/rest_framework/mixins.py", line 40, in list
    queryset = self.filter_queryset(self.get_queryset())
  File "/home/python/Desktop/python_files/cmstest/cmstest/cmstest/apps/goods/views.py", line 107, in get_queryset
    cat_id = self.kwargs['category']
KeyError: 'category'
INFO 2019-03-05 15:40:15,191 basehttp 124 "GET /category/40/ HTTP/1.1" 200 46
ERROR 2019-03-05 15:40:15,261 basehttp 124 "GET /goods/?category=40&ordering=create_time HTTP/1.1" 500 18178
WARNING 2019-03-05 15:40:15,320 base 152 Not Found: /cart/count/
WARNING 2019-03-05 15:40:15,321 basehttp 124 "GET /cart/count/ HTTP/1.1" 404 5066
ERROR 2019-03-05 15:40:16,693 exception 135 Internal Server Error: /goods/
Traceback (most recent call last):
  File "/home/python/.virtualenvs/chen_cms_django/lib/python3.5/site-packages/django/core/handlers/exception.py", line 41, in inner
    response = get_response(request)
  File "/home/python/.virtualenvs/chen_cms_django/lib/python3.5/site-packages/django/core/handlers/base.py", line 187, in _get_response
    response = self.process_exception_by_middleware(e, request)
  File "/home/python/.virtualenvs/chen_cms_django/lib/python3.5/site-packages/django/core/handlers/base.py", line 185, in _get_response
    response = wrapped_callback(request, *callback_args, **callback_kwargs)
  File "/home/python/.virtualenvs/chen_cms_django/lib/python3.5/site-packages/django/views/decorators/csrf.py", line 58, in wrapped_view
    return view_func(*args, **kwargs)
  File "/home/python/.virtualenvs/chen_cms_django/lib/python3.5/site-packages/rest_framework/viewsets.py", line 116, in view
    return self.dispatch(request, *args, **kwargs)
  File "/home/python/.virtualenvs/chen_cms_django/lib/python3.5/site-packages/rest_framework/views.py", line 495, in dispatch
    response = self.handle_exception(exc)
  File "/home/python/.virtualenvs/chen_cms_django/lib/python3.5/site-packages/rest_framework/views.py", line 455, in handle_exception
    self.raise_uncaught_exception(exc)
  File "/home/python/.virtualenvs/chen_cms_django/lib/python3.5/site-packages/rest_framework/views.py", line 492, in dispatch
    response = handler(request, *args, **kwargs)
  File "/home/python/.virtualenvs/chen_cms_django/lib/python3.5/site-packages/rest_framework/mixins.py", line 40, in list
    queryset = self.filter_queryset(self.get_queryset())
  File "/home/python/Desktop/python_files/cmstest/cmstest/cmstest/apps/goods/views.py", line 107, in get_queryset
    cat_id = self.kwargs['category']
KeyError: 'category'
INFO 2019-03-05 15:40:16,760 basehttp 124 "GET /category/40/ HTTP/1.1" 200 46
ERROR 2019-03-05 15:40:16,811 basehttp 124 "GET /goods/?category=40&ordering=create_time HTTP/1.1" 500 18178
WARNING 2019-03-05 15:40:16,916 base 152 Not Found: /cart/count/
WARNING 2019-03-05 15:40:16,918 basehttp 124 "GET /cart/count/ HTTP/1.1" 404 5066
WARNING 2019-03-05 15:40:18,459 base 152 Not Found: /news/top/
WARNING 2019-03-05 15:40:18,470 base 152 Not Found: /news/category/
WARNING 2019-03-05 15:40:18,472 basehttp 124 "GET /news/top/ HTTP/1.1" 404 5060
WARNING 2019-03-05 15:40:18,474 basehttp 124 "GET /news/category/ HTTP/1.1" 404 5075
WARNING 2019-03-05 15:40:18,620 base 152 Not Found: /cart/count/
WARNING 2019-03-05 15:40:18,621 basehttp 124 "GET /cart/count/ HTTP/1.1" 404 5066
INFO 2019-03-05 15:40:19,535 basehttp 124 "GET /goods/recommend/ HTTP/1.1" 200 1024
WARNING 2019-03-05 15:40:19,745 base 152 Not Found: /cart/count/
WARNING 2019-03-05 15:40:19,748 basehttp 124 "GET /cart/count/ HTTP/1.1" 404 5066
INFO 2019-03-05 15:40:20,015 basehttp 124 "GET /goods/category/ HTTP/1.1" 200 77883
ERROR 2019-03-05 15:40:22,884 exception 135 Internal Server Error: /goods/87/
Traceback (most recent call last):
  File "/home/python/.virtualenvs/chen_cms_django/lib/python3.5/site-packages/django/core/handlers/exception.py", line 41, in inner
    response = get_response(request)
  File "/home/python/.virtualenvs/chen_cms_django/lib/python3.5/site-packages/django/core/handlers/base.py", line 187, in _get_response
    response = self.process_exception_by_middleware(e, request)
  File "/home/python/.virtualenvs/chen_cms_django/lib/python3.5/site-packages/django/core/handlers/base.py", line 185, in _get_response
    response = wrapped_callback(request, *callback_args, **callback_kwargs)
  File "/home/python/.virtualenvs/chen_cms_django/lib/python3.5/site-packages/django/views/decorators/csrf.py", line 58, in wrapped_view
    return view_func(*args, **kwargs)
  File "/home/python/.virtualenvs/chen_cms_django/lib/python3.5/site-packages/rest_framework/viewsets.py", line 116, in view
    return self.dispatch(request, *args, **kwargs)
  File "/home/python/.virtualenvs/chen_cms_django/lib/python3.5/site-packages/rest_framework/views.py", line 495, in dispatch
    response = self.handle_exception(exc)
  File "/home/python/.virtualenvs/chen_cms_django/lib/python3.5/site-packages/rest_framework/views.py", line 455, in handle_exception
    self.raise_uncaught_exception(exc)
  File "/home/python/.virtualenvs/chen_cms_django/lib/python3.5/site-packages/rest_framework/views.py", line 492, in dispatch
    response = handler(request, *args, **kwargs)
  File "/home/python/.virtualenvs/chen_cms_django/lib/python3.5/site-packages/rest_framework/mixins.py", line 56, in retrieve
    instance = self.get_object()
  File "/home/python/.virtualenvs/chen_cms_django/lib/python3.5/site-packages/rest_framework/generics.py", line 85, in get_object
    queryset = self.filter_queryset(self.get_queryset())
  File "/home/python/Desktop/python_files/cmstest/cmstest/cmstest/apps/goods/views.py", line 107, in get_queryset
    cat_id = self.kwargs['category']
KeyError: 'category'
ERROR 2019-03-05 15:40:22,957 basehttp 124 "GET /goods/87/ HTTP/1.1" 500 18231
INFO 2019-03-05 15:40:22,977 basehttp 124 "GET /goods/recommend/ HTTP/1.1" 200 1024
WARNING 2019-03-05 15:40:22,998 base 152 Not Found: /cart/count/
WARNING 2019-03-05 15:40:22,999 basehttp 124 "GET /cart/count/ HTTP/1.1" 404 5066
INFO 2019-03-05 15:40:51,005 basehttp 124 "GET /goods/recommend/ HTTP/1.1" 200 1024
WARNING 2019-03-05 15:40:51,079 base 152 Not Found: /cart/count/
WARNING 2019-03-05 15:40:51,098 basehttp 124 "GET /cart/count/ HTTP/1.1" 404 5066
INFO 2019-03-05 15:40:51,423 basehttp 124 "GET /goods/category/ HTTP/1.1" 200 77883
ERROR 2019-03-05 15:40:53,171 exception 135 Internal Server Error: /goods/87/
Traceback (most recent call last):
  File "/home/python/.virtualenvs/chen_cms_django/lib/python3.5/site-packages/django/core/handlers/exception.py", line 41, in inner
    response = get_response(request)
  File "/home/python/.virtualenvs/chen_cms_django/lib/python3.5/site-packages/django/core/handlers/base.py", line 187, in _get_response
    response = self.process_exception_by_middleware(e, request)
  File "/home/python/.virtualenvs/chen_cms_django/lib/python3.5/site-packages/django/core/handlers/base.py", line 185, in _get_response
    response = wrapped_callback(request, *callback_args, **callback_kwargs)
  File "/home/python/.virtualenvs/chen_cms_django/lib/python3.5/site-packages/django/views/decorators/csrf.py", line 58, in wrapped_view
    return view_func(*args, **kwargs)
  File "/home/python/.virtualenvs/chen_cms_django/lib/python3.5/site-packages/rest_framework/viewsets.py", line 116, in view
    return self.dispatch(request, *args, **kwargs)
  File "/home/python/.virtualenvs/chen_cms_django/lib/python3.5/site-packages/rest_framework/views.py", line 495, in dispatch
    response = self.handle_exception(exc)
  File "/home/python/.virtualenvs/chen_cms_django/lib/python3.5/site-packages/rest_framework/views.py", line 455, in handle_exception
    self.raise_uncaught_exception(exc)
  File "/home/python/.virtualenvs/chen_cms_django/lib/python3.5/site-packages/rest_framework/views.py", line 492, in dispatch
    response = handler(request, *args, **kwargs)
  File "/home/python/.virtualenvs/chen_cms_django/lib/python3.5/site-packages/rest_framework/mixins.py", line 56, in retrieve
    instance = self.get_object()
  File "/home/python/.virtualenvs/chen_cms_django/lib/python3.5/site-packages/rest_framework/generics.py", line 85, in get_object
    queryset = self.filter_queryset(self.get_queryset())
  File "/home/python/Desktop/python_files/cmstest/cmstest/cmstest/apps/goods/views.py", line 106, in get_queryset
    cat_id = self.kwargs['category']
KeyError: 'category'
INFO 2019-03-05 15:40:53,264 basehttp 124 "GET /goods/recommend/ HTTP/1.1" 200 1024
ERROR 2019-03-05 15:40:53,267 basehttp 124 "GET /goods/87/ HTTP/1.1" 500 18231
WARNING 2019-03-05 15:40:53,388 base 152 Not Found: /cart/count/
WARNING 2019-03-05 15:40:53,388 basehttp 124 "GET /cart/count/ HTTP/1.1" 404 5066
ERROR 2019-03-05 15:41:23,298 exception 135 Internal Server Error: /goods/87/
Traceback (most recent call last):
  File "/home/python/.virtualenvs/chen_cms_django/lib/python3.5/site-packages/django/core/handlers/exception.py", line 41, in inner
    response = get_response(request)
  File "/home/python/.virtualenvs/chen_cms_django/lib/python3.5/site-packages/django/core/handlers/base.py", line 187, in _get_response
    response = self.process_exception_by_middleware(e, request)
  File "/home/python/.virtualenvs/chen_cms_django/lib/python3.5/site-packages/django/core/handlers/base.py", line 185, in _get_response
    response = wrapped_callback(request, *callback_args, **callback_kwargs)
  File "/home/python/.virtualenvs/chen_cms_django/lib/python3.5/site-packages/django/views/decorators/csrf.py", line 58, in wrapped_view
    return view_func(*args, **kwargs)
  File "/home/python/.virtualenvs/chen_cms_django/lib/python3.5/site-packages/rest_framework/viewsets.py", line 116, in view
    return self.dispatch(request, *args, **kwargs)
  File "/home/python/.virtualenvs/chen_cms_django/lib/python3.5/site-packages/rest_framework/views.py", line 495, in dispatch
    response = self.handle_exception(exc)
  File "/home/python/.virtualenvs/chen_cms_django/lib/python3.5/site-packages/rest_framework/views.py", line 455, in handle_exception
    self.raise_uncaught_exception(exc)
  File "/home/python/.virtualenvs/chen_cms_django/lib/python3.5/site-packages/rest_framework/views.py", line 492, in dispatch
    response = handler(request, *args, **kwargs)
  File "/home/python/.virtualenvs/chen_cms_django/lib/python3.5/site-packages/rest_framework/mixins.py", line 56, in retrieve
    instance = self.get_object()
  File "/home/python/.virtualenvs/chen_cms_django/lib/python3.5/site-packages/rest_framework/generics.py", line 85, in get_object
    queryset = self.filter_queryset(self.get_queryset())
  File "/home/python/Desktop/python_files/cmstest/cmstest/cmstest/apps/goods/views.py", line 106, in get_queryset
    cat_id = self.kwargs['category']
KeyError: 'category'
INFO 2019-03-05 15:41:23,406 basehttp 124 "GET /goods/recommend/ HTTP/1.1" 200 1024
ERROR 2019-03-05 15:41:23,447 basehttp 124 "GET /goods/87/ HTTP/1.1" 500 18264
WARNING 2019-03-05 15:41:23,514 base 152 Not Found: /cart/count/
WARNING 2019-03-05 15:41:23,515 basehttp 124 "GET /cart/count/ HTTP/1.1" 404 5066
INFO 2019-03-05 15:41:25,186 basehttp 124 "GET /goods/recommend/ HTTP/1.1" 200 1024
WARNING 2019-03-05 15:41:25,625 base 152 Not Found: /cart/count/
WARNING 2019-03-05 15:41:25,636 basehttp 124 "GET /cart/count/ HTTP/1.1" 404 5066
INFO 2019-03-05 15:41:25,715 basehttp 124 "GET /goods/category/ HTTP/1.1" 200 77883
INFO 2019-03-05 15:42:13,431 basehttp 124 "GET /goods/recommend/ HTTP/1.1" 200 1024
WARNING 2019-03-05 15:42:13,642 base 152 Not Found: /cart/count/
WARNING 2019-03-05 15:42:13,645 basehttp 124 "GET /cart/count/ HTTP/1.1" 404 5066
INFO 2019-03-05 15:42:13,788 basehttp 124 "GET /goods/category/ HTTP/1.1" 200 77883
ERROR 2019-03-05 15:42:16,390 exception 135 Internal Server Error: /goods/87/
Traceback (most recent call last):
  File "/home/python/.virtualenvs/chen_cms_django/lib/python3.5/site-packages/django/core/handlers/exception.py", line 41, in inner
    response = get_response(request)
  File "/home/python/.virtualenvs/chen_cms_django/lib/python3.5/site-packages/django/core/handlers/base.py", line 187, in _get_response
    response = self.process_exception_by_middleware(e, request)
  File "/home/python/.virtualenvs/chen_cms_django/lib/python3.5/site-packages/django/core/handlers/base.py", line 185, in _get_response
    response = wrapped_callback(request, *callback_args, **callback_kwargs)
  File "/home/python/.virtualenvs/chen_cms_django/lib/python3.5/site-packages/django/views/decorators/csrf.py", line 58, in wrapped_view
    return view_func(*args, **kwargs)
  File "/home/python/.virtualenvs/chen_cms_django/lib/python3.5/site-packages/rest_framework/viewsets.py", line 116, in view
    return self.dispatch(request, *args, **kwargs)
  File "/home/python/.virtualenvs/chen_cms_django/lib/python3.5/site-packages/rest_framework/views.py", line 495, in dispatch
    response = self.handle_exception(exc)
  File "/home/python/.virtualenvs/chen_cms_django/lib/python3.5/site-packages/rest_framework/views.py", line 455, in handle_exception
    self.raise_uncaught_exception(exc)
  File "/home/python/.virtualenvs/chen_cms_django/lib/python3.5/site-packages/rest_framework/views.py", line 492, in dispatch
    response = handler(request, *args, **kwargs)
  File "/home/python/.virtualenvs/chen_cms_django/lib/python3.5/site-packages/rest_framework/mixins.py", line 56, in retrieve
    instance = self.get_object()
  File "/home/python/.virtualenvs/chen_cms_django/lib/python3.5/site-packages/rest_framework/generics.py", line 85, in get_object
    queryset = self.filter_queryset(self.get_queryset())
  File "/home/python/Desktop/python_files/cmstest/cmstest/cmstest/apps/goods/views.py", line 106, in get_queryset
    cat_id = self.kwargs['category']
KeyError: 'category'
ERROR 2019-03-05 15:42:16,499 basehttp 124 "GET /goods/87/ HTTP/1.1" 500 18231
INFO 2019-03-05 15:42:16,521 basehttp 124 "GET /goods/recommend/ HTTP/1.1" 200 1024
WARNING 2019-03-05 15:42:16,621 base 152 Not Found: /cart/count/
WARNING 2019-03-05 15:42:16,622 basehttp 124 "GET /cart/count/ HTTP/1.1" 404 5066
ERROR 2019-03-05 15:47:18,509 exception 135 Internal Server Error: /goods/87/
Traceback (most recent call last):
  File "/home/python/.virtualenvs/chen_cms_django/lib/python3.5/site-packages/django/utils/datastructures.py", line 83, in __getitem__
    list_ = super(MultiValueDict, self).__getitem__(key)
KeyError: 'category'

During handling of the above exception, another exception occurred:

Traceback (most recent call last):
  File "/home/python/.virtualenvs/chen_cms_django/lib/python3.5/site-packages/django/core/handlers/exception.py", line 41, in inner
    response = get_response(request)
  File "/home/python/.virtualenvs/chen_cms_django/lib/python3.5/site-packages/django/core/handlers/base.py", line 187, in _get_response
    response = self.process_exception_by_middleware(e, request)
  File "/home/python/.virtualenvs/chen_cms_django/lib/python3.5/site-packages/django/core/handlers/base.py", line 185, in _get_response
    response = wrapped_callback(request, *callback_args, **callback_kwargs)
  File "/home/python/.virtualenvs/chen_cms_django/lib/python3.5/site-packages/django/views/decorators/csrf.py", line 58, in wrapped_view
    return view_func(*args, **kwargs)
  File "/home/python/.virtualenvs/chen_cms_django/lib/python3.5/site-packages/rest_framework/viewsets.py", line 116, in view
    return self.dispatch(request, *args, **kwargs)
  File "/home/python/.virtualenvs/chen_cms_django/lib/python3.5/site-packages/rest_framework/views.py", line 495, in dispatch
    response = self.handle_exception(exc)
  File "/home/python/.virtualenvs/chen_cms_django/lib/python3.5/site-packages/rest_framework/views.py", line 455, in handle_exception
    self.raise_uncaught_exception(exc)
  File "/home/python/.virtualenvs/chen_cms_django/lib/python3.5/site-packages/rest_framework/views.py", line 492, in dispatch
    response = handler(request, *args, **kwargs)
  File "/home/python/.virtualenvs/chen_cms_django/lib/python3.5/site-packages/rest_framework/mixins.py", line 56, in retrieve
    instance = self.get_object()
  File "/home/python/.virtualenvs/chen_cms_django/lib/python3.5/site-packages/rest_framework/generics.py", line 85, in get_object
    queryset = self.filter_queryset(self.get_queryset())
  File "/home/python/Desktop/python_files/cmstest/cmstest/cmstest/apps/goods/views.py", line 106, in get_queryset
    cat_id = self.request.query_params['category']
  File "/home/python/.virtualenvs/chen_cms_django/lib/python3.5/site-packages/django/utils/datastructures.py", line 85, in __getitem__
    raise MultiValueDictKeyError(repr(key))
django.utils.datastructures.MultiValueDictKeyError: "'category'"
INFO 2019-03-05 15:47:18,715 basehttp 124 "GET /goods/recommend/ HTTP/1.1" 200 1024
ERROR 2019-03-05 15:47:18,747 basehttp 124 "GET /goods/87/ HTTP/1.1" 500 18790
WARNING 2019-03-05 15:47:18,767 base 152 Not Found: /cart/count/
WARNING 2019-03-05 15:47:18,768 basehttp 124 "GET /cart/count/ HTTP/1.1" 404 5066
INFO 2019-03-05 15:47:21,684 basehttp 124 "GET /goods/recommend/ HTTP/1.1" 200 1024
WARNING 2019-03-05 15:47:22,031 base 152 Not Found: /cart/count/
WARNING 2019-03-05 15:47:22,032 basehttp 124 "GET /cart/count/ HTTP/1.1" 404 5066
INFO 2019-03-05 15:47:22,213 basehttp 124 "GET /goods/category/ HTTP/1.1" 200 77883
INFO 2019-03-05 15:56:39,073 basehttp 124 "GET /goods/recommend/ HTTP/1.1" 200 1024
WARNING 2019-03-05 15:56:39,246 base 152 Not Found: /cart/count/
WARNING 2019-03-05 15:56:39,286 basehttp 124 "GET /cart/count/ HTTP/1.1" 404 5066
INFO 2019-03-05 15:56:39,635 basehttp 124 "GET /goods/category/ HTTP/1.1" 200 77883
ERROR 2019-03-05 15:56:42,822 exception 135 Internal Server Error: /goods/87/
Traceback (most recent call last):
  File "/home/python/.virtualenvs/chen_cms_django/lib/python3.5/site-packages/rest_framework/request.py", line 412, in __getattr__
    return getattr(self._request, attr)
AttributeError: 'WSGIRequest' object has no attribute 'kwargs'

During handling of the above exception, another exception occurred:

Traceback (most recent call last):
  File "/home/python/.virtualenvs/chen_cms_django/lib/python3.5/site-packages/django/core/handlers/exception.py", line 41, in inner
    response = get_response(request)
  File "/home/python/.virtualenvs/chen_cms_django/lib/python3.5/site-packages/django/core/handlers/base.py", line 187, in _get_response
    response = self.process_exception_by_middleware(e, request)
  File "/home/python/.virtualenvs/chen_cms_django/lib/python3.5/site-packages/django/core/handlers/base.py", line 185, in _get_response
    response = wrapped_callback(request, *callback_args, **callback_kwargs)
  File "/home/python/.virtualenvs/chen_cms_django/lib/python3.5/site-packages/django/views/decorators/csrf.py", line 58, in wrapped_view
    return view_func(*args, **kwargs)
  File "/home/python/.virtualenvs/chen_cms_django/lib/python3.5/site-packages/rest_framework/viewsets.py", line 116, in view
    return self.dispatch(request, *args, **kwargs)
  File "/home/python/.virtualenvs/chen_cms_django/lib/python3.5/site-packages/rest_framework/views.py", line 495, in dispatch
    response = self.handle_exception(exc)
  File "/home/python/.virtualenvs/chen_cms_django/lib/python3.5/site-packages/rest_framework/views.py", line 455, in handle_exception
    self.raise_uncaught_exception(exc)
  File "/home/python/.virtualenvs/chen_cms_django/lib/python3.5/site-packages/rest_framework/views.py", line 492, in dispatch
    response = handler(request, *args, **kwargs)
  File "/home/python/.virtualenvs/chen_cms_django/lib/python3.5/site-packages/rest_framework/mixins.py", line 56, in retrieve
    instance = self.get_object()
  File "/home/python/.virtualenvs/chen_cms_django/lib/python3.5/site-packages/rest_framework/generics.py", line 85, in get_object
    queryset = self.filter_queryset(self.get_queryset())
  File "/home/python/Desktop/python_files/cmstest/cmstest/cmstest/apps/goods/views.py", line 106, in get_queryset
    cat_id = self.request.kwargs['category']
  File "/home/python/.virtualenvs/chen_cms_django/lib/python3.5/site-packages/rest_framework/request.py", line 414, in __getattr__
    return self.__getattribute__(attr)
AttributeError: 'Request' object has no attribute 'kwargs'
INFO 2019-03-05 15:56:42,942 basehttp 124 "GET /goods/recommend/ HTTP/1.1" 200 1024
ERROR 2019-03-05 15:56:42,957 basehttp 124 "GET /goods/87/ HTTP/1.1" 500 18801
WARNING 2019-03-05 15:56:43,138 base 152 Not Found: /cart/count/
WARNING 2019-03-05 15:56:43,140 basehttp 124 "GET /cart/count/ HTTP/1.1" 404 5066
INFO 2019-03-05 15:56:46,013 basehttp 124 "GET /goods/recommend/ HTTP/1.1" 200 1024
WARNING 2019-03-05 15:56:46,138 base 152 Not Found: /cart/count/
WARNING 2019-03-05 15:56:46,146 basehttp 124 "GET /cart/count/ HTTP/1.1" 404 5066
INFO 2019-03-05 15:56:46,581 basehttp 124 "GET /goods/category/ HTTP/1.1" 200 77883
INFO 2019-03-05 15:57:51,739 basehttp 124 "GET /goods/recommend/ HTTP/1.1" 200 1024
WARNING 2019-03-05 15:57:51,880 base 152 Not Found: /cart/count/
WARNING 2019-03-05 15:57:51,914 basehttp 124 "GET /cart/count/ HTTP/1.1" 404 5066
INFO 2019-03-05 15:57:52,140 basehttp 124 "GET /goods/category/ HTTP/1.1" 200 77883
ERROR 2019-03-05 15:57:53,784 exception 135 Internal Server Error: /goods/87/
Traceback (most recent call last):
  File "/home/python/.virtualenvs/chen_cms_django/lib/python3.5/site-packages/rest_framework/request.py", line 412, in __getattr__
    return getattr(self._request, attr)
AttributeError: 'WSGIRequest' object has no attribute 'kwargs'

During handling of the above exception, another exception occurred:

Traceback (most recent call last):
  File "/home/python/.virtualenvs/chen_cms_django/lib/python3.5/site-packages/django/core/handlers/exception.py", line 41, in inner
    response = get_response(request)
  File "/home/python/.virtualenvs/chen_cms_django/lib/python3.5/site-packages/django/core/handlers/base.py", line 187, in _get_response
    response = self.process_exception_by_middleware(e, request)
  File "/home/python/.virtualenvs/chen_cms_django/lib/python3.5/site-packages/django/core/handlers/base.py", line 185, in _get_response
    response = wrapped_callback(request, *callback_args, **callback_kwargs)
  File "/home/python/.virtualenvs/chen_cms_django/lib/python3.5/site-packages/django/views/decorators/csrf.py", line 58, in wrapped_view
    return view_func(*args, **kwargs)
  File "/home/python/.virtualenvs/chen_cms_django/lib/python3.5/site-packages/rest_framework/viewsets.py", line 116, in view
    return self.dispatch(request, *args, **kwargs)
  File "/home/python/.virtualenvs/chen_cms_django/lib/python3.5/site-packages/rest_framework/views.py", line 495, in dispatch
    response = self.handle_exception(exc)
  File "/home/python/.virtualenvs/chen_cms_django/lib/python3.5/site-packages/rest_framework/views.py", line 455, in handle_exception
    self.raise_uncaught_exception(exc)
  File "/home/python/.virtualenvs/chen_cms_django/lib/python3.5/site-packages/rest_framework/views.py", line 492, in dispatch
    response = handler(request, *args, **kwargs)
  File "/home/python/.virtualenvs/chen_cms_django/lib/python3.5/site-packages/rest_framework/mixins.py", line 56, in retrieve
    instance = self.get_object()
  File "/home/python/.virtualenvs/chen_cms_django/lib/python3.5/site-packages/rest_framework/generics.py", line 85, in get_object
    queryset = self.filter_queryset(self.get_queryset())
  File "/home/python/Desktop/python_files/cmstest/cmstest/cmstest/apps/goods/views.py", line 106, in get_queryset
    cat_id = self.request.kwargs['category']
  File "/home/python/.virtualenvs/chen_cms_django/lib/python3.5/site-packages/rest_framework/request.py", line 414, in __getattr__
    return self.__getattribute__(attr)
AttributeError: 'Request' object has no attribute 'kwargs'
ERROR 2019-03-05 15:57:53,828 basehttp 124 "GET /goods/87/ HTTP/1.1" 500 18801
INFO 2019-03-05 15:57:53,833 basehttp 124 "GET /goods/recommend/ HTTP/1.1" 200 1024
WARNING 2019-03-05 15:57:54,121 base 152 Not Found: /cart/count/
WARNING 2019-03-05 15:57:54,123 basehttp 124 "GET /cart/count/ HTTP/1.1" 404 5066
ERROR 2019-03-05 15:58:22,781 exception 135 Internal Server Error: /goods/87/
Traceback (most recent call last):
  File "/home/python/.virtualenvs/chen_cms_django/lib/python3.5/site-packages/rest_framework/request.py", line 412, in __getattr__
    return getattr(self._request, attr)
AttributeError: 'WSGIRequest' object has no attribute 'category'

During handling of the above exception, another exception occurred:

Traceback (most recent call last):
  File "/home/python/.virtualenvs/chen_cms_django/lib/python3.5/site-packages/django/core/handlers/exception.py", line 41, in inner
    response = get_response(request)
  File "/home/python/.virtualenvs/chen_cms_django/lib/python3.5/site-packages/django/core/handlers/base.py", line 187, in _get_response
    response = self.process_exception_by_middleware(e, request)
  File "/home/python/.virtualenvs/chen_cms_django/lib/python3.5/site-packages/django/core/handlers/base.py", line 185, in _get_response
    response = wrapped_callback(request, *callback_args, **callback_kwargs)
  File "/home/python/.virtualenvs/chen_cms_django/lib/python3.5/site-packages/django/views/decorators/csrf.py", line 58, in wrapped_view
    return view_func(*args, **kwargs)
  File "/home/python/.virtualenvs/chen_cms_django/lib/python3.5/site-packages/rest_framework/viewsets.py", line 116, in view
    return self.dispatch(request, *args, **kwargs)
  File "/home/python/.virtualenvs/chen_cms_django/lib/python3.5/site-packages/rest_framework/views.py", line 495, in dispatch
    response = self.handle_exception(exc)
  File "/home/python/.virtualenvs/chen_cms_django/lib/python3.5/site-packages/rest_framework/views.py", line 455, in handle_exception
    self.raise_uncaught_exception(exc)
  File "/home/python/.virtualenvs/chen_cms_django/lib/python3.5/site-packages/rest_framework/views.py", line 492, in dispatch
    response = handler(request, *args, **kwargs)
  File "/home/python/.virtualenvs/chen_cms_django/lib/python3.5/site-packages/rest_framework/mixins.py", line 56, in retrieve
    instance = self.get_object()
  File "/home/python/.virtualenvs/chen_cms_django/lib/python3.5/site-packages/rest_framework/generics.py", line 85, in get_object
    queryset = self.filter_queryset(self.get_queryset())
  File "/home/python/Desktop/python_files/cmstest/cmstest/cmstest/apps/goods/views.py", line 106, in get_queryset
    cat_id = self.request.category
  File "/home/python/.virtualenvs/chen_cms_django/lib/python3.5/site-packages/rest_framework/request.py", line 414, in __getattr__
    return self.__getattribute__(attr)
AttributeError: 'Request' object has no attribute 'category'
INFO 2019-03-05 15:58:22,895 basehttp 124 "GET /goods/recommend/ HTTP/1.1" 200 1024
ERROR 2019-03-05 15:58:22,907 basehttp 124 "GET /goods/87/ HTTP/1.1" 500 18830
WARNING 2019-03-05 15:58:23,032 base 152 Not Found: /cart/count/
WARNING 2019-03-05 15:58:23,033 basehttp 124 "GET /cart/count/ HTTP/1.1" 404 5066
INFO 2019-03-05 15:58:25,122 basehttp 124 "GET /goods/recommend/ HTTP/1.1" 200 1024
WARNING 2019-03-05 15:58:25,425 base 152 Not Found: /cart/count/
WARNING 2019-03-05 15:58:25,426 basehttp 124 "GET /cart/count/ HTTP/1.1" 404 5066
INFO 2019-03-05 15:58:25,652 basehttp 124 "GET /goods/category/ HTTP/1.1" 200 77883
ERROR 2019-03-05 15:58:26,889 exception 135 Internal Server Error: /goods/87/
Traceback (most recent call last):
  File "/home/python/.virtualenvs/chen_cms_django/lib/python3.5/site-packages/rest_framework/request.py", line 412, in __getattr__
    return getattr(self._request, attr)
AttributeError: 'WSGIRequest' object has no attribute 'category'

During handling of the above exception, another exception occurred:

Traceback (most recent call last):
  File "/home/python/.virtualenvs/chen_cms_django/lib/python3.5/site-packages/django/core/handlers/exception.py", line 41, in inner
    response = get_response(request)
  File "/home/python/.virtualenvs/chen_cms_django/lib/python3.5/site-packages/django/core/handlers/base.py", line 187, in _get_response
    response = self.process_exception_by_middleware(e, request)
  File "/home/python/.virtualenvs/chen_cms_django/lib/python3.5/site-packages/django/core/handlers/base.py", line 185, in _get_response
    response = wrapped_callback(request, *callback_args, **callback_kwargs)
  File "/home/python/.virtualenvs/chen_cms_django/lib/python3.5/site-packages/django/views/decorators/csrf.py", line 58, in wrapped_view
    return view_func(*args, **kwargs)
  File "/home/python/.virtualenvs/chen_cms_django/lib/python3.5/site-packages/rest_framework/viewsets.py", line 116, in view
    return self.dispatch(request, *args, **kwargs)
  File "/home/python/.virtualenvs/chen_cms_django/lib/python3.5/site-packages/rest_framework/views.py", line 495, in dispatch
    response = self.handle_exception(exc)
  File "/home/python/.virtualenvs/chen_cms_django/lib/python3.5/site-packages/rest_framework/views.py", line 455, in handle_exception
    self.raise_uncaught_exception(exc)
  File "/home/python/.virtualenvs/chen_cms_django/lib/python3.5/site-packages/rest_framework/views.py", line 492, in dispatch
    response = handler(request, *args, **kwargs)
  File "/home/python/.virtualenvs/chen_cms_django/lib/python3.5/site-packages/rest_framework/mixins.py", line 56, in retrieve
    instance = self.get_object()
  File "/home/python/.virtualenvs/chen_cms_django/lib/python3.5/site-packages/rest_framework/generics.py", line 85, in get_object
    queryset = self.filter_queryset(self.get_queryset())
  File "/home/python/Desktop/python_files/cmstest/cmstest/cmstest/apps/goods/views.py", line 106, in get_queryset
    cat_id = self.request.category
  File "/home/python/.virtualenvs/chen_cms_django/lib/python3.5/site-packages/rest_framework/request.py", line 414, in __getattr__
    return self.__getattribute__(attr)
AttributeError: 'Request' object has no attribute 'category'
INFO 2019-03-05 15:58:27,029 basehttp 124 "GET /goods/recommend/ HTTP/1.1" 200 1024
WARNING 2019-03-05 15:58:27,077 base 152 Not Found: /cart/count/
ERROR 2019-03-05 15:58:27,097 basehttp 124 "GET /goods/87/ HTTP/1.1" 500 18797
WARNING 2019-03-05 15:58:27,104 basehttp 124 "GET /cart/count/ HTTP/1.1" 404 5066
ERROR 2019-03-05 16:01:29,430 exception 135 Internal Server Error: /goods/87/
Traceback (most recent call last):
  File "/home/python/.virtualenvs/chen_cms_django/lib/python3.5/site-packages/django/core/handlers/exception.py", line 41, in inner
    response = get_response(request)
  File "/home/python/.virtualenvs/chen_cms_django/lib/python3.5/site-packages/django/core/handlers/base.py", line 187, in _get_response
    response = self.process_exception_by_middleware(e, request)
  File "/home/python/.virtualenvs/chen_cms_django/lib/python3.5/site-packages/django/core/handlers/base.py", line 185, in _get_response
    response = wrapped_callback(request, *callback_args, **callback_kwargs)
  File "/home/python/.virtualenvs/chen_cms_django/lib/python3.5/site-packages/django/views/decorators/csrf.py", line 58, in wrapped_view
    return view_func(*args, **kwargs)
  File "/home/python/.virtualenvs/chen_cms_django/lib/python3.5/site-packages/rest_framework/viewsets.py", line 116, in view
    return self.dispatch(request, *args, **kwargs)
  File "/home/python/.virtualenvs/chen_cms_django/lib/python3.5/site-packages/rest_framework/views.py", line 495, in dispatch
    response = self.handle_exception(exc)
  File "/home/python/.virtualenvs/chen_cms_django/lib/python3.5/site-packages/rest_framework/views.py", line 455, in handle_exception
    self.raise_uncaught_exception(exc)
  File "/home/python/.virtualenvs/chen_cms_django/lib/python3.5/site-packages/rest_framework/views.py", line 492, in dispatch
    response = handler(request, *args, **kwargs)
  File "/home/python/.virtualenvs/chen_cms_django/lib/python3.5/site-packages/rest_framework/mixins.py", line 56, in retrieve
    instance = self.get_object()
  File "/home/python/.virtualenvs/chen_cms_django/lib/python3.5/site-packages/rest_framework/generics.py", line 85, in get_object
    queryset = self.filter_queryset(self.get_queryset())
  File "/home/python/Desktop/python_files/cmstest/cmstest/cmstest/apps/goods/views.py", line 106, in get_queryset
    cat_id = self.request['category']
TypeError: 'Request' object is not subscriptable
INFO 2019-03-05 16:01:29,558 basehttp 124 "GET /goods/recommend/ HTTP/1.1" 200 1024
ERROR 2019-03-05 16:01:29,563 basehttp 124 "GET /goods/87/ HTTP/1.1" 500 18321
WARNING 2019-03-05 16:01:29,671 base 152 Not Found: /cart/count/
WARNING 2019-03-05 16:01:29,672 basehttp 124 "GET /cart/count/ HTTP/1.1" 404 5066
INFO 2019-03-05 16:04:59,348 basehttp 124 "GET /goods/recommend/ HTTP/1.1" 200 1024
INFO 2019-03-05 16:04:59,569 basehttp 124 "GET /goods/category/ HTTP/1.1" 200 77883
WARNING 2019-03-05 16:04:59,596 base 152 Not Found: /cart/count/
WARNING 2019-03-05 16:04:59,596 basehttp 124 "GET /cart/count/ HTTP/1.1" 404 5066
WARNING 2019-03-05 16:05:04,173 base 152 Not Found: /cart/count/
WARNING 2019-03-05 16:05:04,174 basehttp 124 "GET /cart/count/ HTTP/1.1" 404 5066
ERROR 2019-03-05 16:05:04,279 exception 135 Internal Server Error: /goods/87/
Traceback (most recent call last):
  File "/home/python/.virtualenvs/chen_cms_django/lib/python3.5/site-packages/django/core/handlers/exception.py", line 41, in inner
    response = get_response(request)
  File "/home/python/.virtualenvs/chen_cms_django/lib/python3.5/site-packages/django/core/handlers/base.py", line 187, in _get_response
    response = self.process_exception_by_middleware(e, request)
  File "/home/python/.virtualenvs/chen_cms_django/lib/python3.5/site-packages/django/core/handlers/base.py", line 185, in _get_response
    response = wrapped_callback(request, *callback_args, **callback_kwargs)
  File "/home/python/.virtualenvs/chen_cms_django/lib/python3.5/site-packages/django/views/decorators/csrf.py", line 58, in wrapped_view
    return view_func(*args, **kwargs)
  File "/home/python/.virtualenvs/chen_cms_django/lib/python3.5/site-packages/rest_framework/viewsets.py", line 116, in view
    return self.dispatch(request, *args, **kwargs)
  File "/home/python/.virtualenvs/chen_cms_django/lib/python3.5/site-packages/rest_framework/views.py", line 495, in dispatch
    response = self.handle_exception(exc)
  File "/home/python/.virtualenvs/chen_cms_django/lib/python3.5/site-packages/rest_framework/views.py", line 455, in handle_exception
    self.raise_uncaught_exception(exc)
  File "/home/python/.virtualenvs/chen_cms_django/lib/python3.5/site-packages/rest_framework/views.py", line 492, in dispatch
    response = handler(request, *args, **kwargs)
  File "/home/python/.virtualenvs/chen_cms_django/lib/python3.5/site-packages/rest_framework/mixins.py", line 56, in retrieve
    instance = self.get_object()
  File "/home/python/.virtualenvs/chen_cms_django/lib/python3.5/site-packages/rest_framework/generics.py", line 85, in get_object
    queryset = self.filter_queryset(self.get_queryset())
  File "/home/python/Desktop/python_files/cmstest/cmstest/cmstest/apps/goods/views.py", line 106, in get_queryset
    cat_id = self.request['category']
TypeError: 'Request' object is not subscriptable
ERROR 2019-03-05 16:05:04,355 basehttp 124 "GET /goods/87/ HTTP/1.1" 500 18288
INFO 2019-03-05 16:05:04,368 basehttp 124 "GET /goods/recommend/ HTTP/1.1" 200 1024
INFO 2019-03-05 16:05:05,771 basehttp 124 "GET /goods/recommend/ HTTP/1.1" 200 1024
WARNING 2019-03-05 16:05:05,960 base 152 Not Found: /cart/count/
WARNING 2019-03-05 16:05:05,961 basehttp 124 "GET /cart/count/ HTTP/1.1" 404 5066
INFO 2019-03-05 16:05:06,246 basehttp 124 "GET /goods/category/ HTTP/1.1" 200 77883
INFO 2019-03-05 16:07:25,876 basehttp 124 "GET /goods/recommend/ HTTP/1.1" 200 1024
WARNING 2019-03-05 16:07:26,033 base 152 Not Found: /cart/count/
WARNING 2019-03-05 16:07:26,036 basehttp 124 "GET /cart/count/ HTTP/1.1" 404 5066
INFO 2019-03-05 16:07:26,359 basehttp 124 "GET /goods/category/ HTTP/1.1" 200 77883
ERROR 2019-03-05 16:07:39,292 exception 135 Internal Server Error: /goods/87/
Traceback (most recent call last):
  File "/home/python/.virtualenvs/chen_cms_django/lib/python3.5/site-packages/django/utils/datastructures.py", line 83, in __getitem__
    list_ = super(MultiValueDict, self).__getitem__(key)
KeyError: 'category'

During handling of the above exception, another exception occurred:

Traceback (most recent call last):
  File "/home/python/.virtualenvs/chen_cms_django/lib/python3.5/site-packages/django/core/handlers/exception.py", line 41, in inner
    response = get_response(request)
  File "/home/python/.virtualenvs/chen_cms_django/lib/python3.5/site-packages/django/core/handlers/base.py", line 187, in _get_response
    response = self.process_exception_by_middleware(e, request)
  File "/home/python/.virtualenvs/chen_cms_django/lib/python3.5/site-packages/django/core/handlers/base.py", line 185, in _get_response
    response = wrapped_callback(request, *callback_args, **callback_kwargs)
  File "/home/python/.virtualenvs/chen_cms_django/lib/python3.5/site-packages/django/views/decorators/csrf.py", line 58, in wrapped_view
    return view_func(*args, **kwargs)
  File "/home/python/.virtualenvs/chen_cms_django/lib/python3.5/site-packages/rest_framework/viewsets.py", line 116, in view
    return self.dispatch(request, *args, **kwargs)
  File "/home/python/.virtualenvs/chen_cms_django/lib/python3.5/site-packages/rest_framework/views.py", line 495, in dispatch
    response = self.handle_exception(exc)
  File "/home/python/.virtualenvs/chen_cms_django/lib/python3.5/site-packages/rest_framework/views.py", line 455, in handle_exception
    self.raise_uncaught_exception(exc)
  File "/home/python/.virtualenvs/chen_cms_django/lib/python3.5/site-packages/rest_framework/views.py", line 492, in dispatch
    response = handler(request, *args, **kwargs)
  File "/home/python/.virtualenvs/chen_cms_django/lib/python3.5/site-packages/rest_framework/mixins.py", line 56, in retrieve
    instance = self.get_object()
  File "/home/python/.virtualenvs/chen_cms_django/lib/python3.5/site-packages/rest_framework/generics.py", line 85, in get_object
    queryset = self.filter_queryset(self.get_queryset())
  File "/home/python/Desktop/python_files/cmstest/cmstest/cmstest/apps/goods/views.py", line 106, in get_queryset
    cat_id = self.request.query_params['category']
  File "/home/python/.virtualenvs/chen_cms_django/lib/python3.5/site-packages/django/utils/datastructures.py", line 85, in __getitem__
    raise MultiValueDictKeyError(repr(key))
django.utils.datastructures.MultiValueDictKeyError: "'category'"
INFO 2019-03-05 16:07:39,376 basehttp 124 "GET /goods/recommend/ HTTP/1.1" 200 1024
ERROR 2019-03-05 16:07:39,399 basehttp 124 "GET /goods/87/ HTTP/1.1" 500 18814
WARNING 2019-03-05 16:07:39,681 base 152 Not Found: /cart/count/
WARNING 2019-03-05 16:07:39,691 basehttp 124 "GET /cart/count/ HTTP/1.1" 404 5066
WARNING 2019-03-05 16:09:27,783 base 152 Not Found: /cart/count/
WARNING 2019-03-05 16:09:27,786 basehttp 124 "GET /cart/count/ HTTP/1.1" 404 5066
INFO 2019-03-05 16:09:28,141 basehttp 124 "GET /goods/recommend/ HTTP/1.1" 200 1024
INFO 2019-03-05 16:09:28,188 basehttp 124 "GET /goods/87/ HTTP/1.1" 200 2047
INFO 2019-03-05 16:09:32,912 basehttp 124 "GET /category/40/ HTTP/1.1" 200 46
INFO 2019-03-05 16:09:33,002 basehttp 124 "GET /goods/?category=40&ordering=create_time HTTP/1.1" 200 30905
WARNING 2019-03-05 16:09:33,262 base 152 Not Found: /cart/count/
WARNING 2019-03-05 16:09:33,264 basehttp 124 "GET /cart/count/ HTTP/1.1" 404 5066
INFO 2019-03-05 16:10:42,275 basehttp 124 "GET /category/40/ HTTP/1.1" 200 46
INFO 2019-03-05 16:10:42,441 basehttp 124 "GET /goods/?category=40&ordering=create_time HTTP/1.1" 200 30905
WARNING 2019-03-05 16:10:42,565 base 152 Not Found: /cart/count/
WARNING 2019-03-05 16:10:42,570 basehttp 124 "GET /cart/count/ HTTP/1.1" 404 5066
INFO 2019-03-05 16:13:56,969 basehttp 124 "GET /category/40/ HTTP/1.1" 200 46
INFO 2019-03-05 16:13:57,155 basehttp 124 "GET /goods/?category=40&ordering=create_time HTTP/1.1" 200 30905
WARNING 2019-03-05 16:13:57,167 base 152 Not Found: /cart/count/
WARNING 2019-03-05 16:13:57,170 basehttp 124 "GET /cart/count/ HTTP/1.1" 404 5066
INFO 2019-03-05 16:14:03,951 basehttp 124 "GET /goods/recommend/ HTTP/1.1" 200 1024
WARNING 2019-03-05 16:14:04,381 base 152 Not Found: /cart/count/
WARNING 2019-03-05 16:14:04,417 basehttp 124 "GET /cart/count/ HTTP/1.1" 404 5066
INFO 2019-03-05 16:14:04,632 basehttp 124 "GET /goods/category/ HTTP/1.1" 200 77883
ERROR 2019-03-05 16:14:08,792 exception 135 Internal Server Error: /goods/87/
Traceback (most recent call last):
  File "/home/python/.virtualenvs/chen_cms_django/lib/python3.5/site-packages/django/core/handlers/exception.py", line 41, in inner
    response = get_response(request)
  File "/home/python/.virtualenvs/chen_cms_django/lib/python3.5/site-packages/django/core/handlers/base.py", line 187, in _get_response
    response = self.process_exception_by_middleware(e, request)
  File "/home/python/.virtualenvs/chen_cms_django/lib/python3.5/site-packages/django/core/handlers/base.py", line 185, in _get_response
    response = wrapped_callback(request, *callback_args, **callback_kwargs)
  File "/home/python/.virtualenvs/chen_cms_django/lib/python3.5/site-packages/django/views/decorators/csrf.py", line 58, in wrapped_view
    return view_func(*args, **kwargs)
  File "/home/python/.virtualenvs/chen_cms_django/lib/python3.5/site-packages/rest_framework/viewsets.py", line 116, in view
    return self.dispatch(request, *args, **kwargs)
  File "/home/python/.virtualenvs/chen_cms_django/lib/python3.5/site-packages/rest_framework/views.py", line 495, in dispatch
    response = self.handle_exception(exc)
  File "/home/python/.virtualenvs/chen_cms_django/lib/python3.5/site-packages/rest_framework/views.py", line 455, in handle_exception
    self.raise_uncaught_exception(exc)
  File "/home/python/.virtualenvs/chen_cms_django/lib/python3.5/site-packages/rest_framework/views.py", line 492, in dispatch
    response = handler(request, *args, **kwargs)
  File "/home/python/.virtualenvs/chen_cms_django/lib/python3.5/site-packages/rest_framework/mixins.py", line 56, in retrieve
    instance = self.get_object()
  File "/home/python/.virtualenvs/chen_cms_django/lib/python3.5/site-packages/rest_framework/generics.py", line 85, in get_object
    queryset = self.filter_queryset(self.get_queryset())
  File "/home/python/Desktop/python_files/cmstest/cmstest/cmstest/apps/goods/views.py", line 108, in get_queryset
    print('*'*30 + cat_id)
TypeError: Can't convert 'NoneType' object to str implicitly
INFO 2019-03-05 16:14:08,880 basehttp 124 "GET /goods/recommend/ HTTP/1.1" 200 1024
ERROR 2019-03-05 16:14:08,941 basehttp 124 "GET /goods/87/ HTTP/1.1" 500 18358
WARNING 2019-03-05 16:14:09,171 base 152 Not Found: /cart/count/
WARNING 2019-03-05 16:14:09,171 basehttp 124 "GET /cart/count/ HTTP/1.1" 404 5066
INFO 2019-03-05 16:18:59,728 basehttp 124 "GET /goods/87/ HTTP/1.1" 200 2047
INFO 2019-03-05 16:18:59,748 basehttp 124 "GET /goods/recommend/ HTTP/1.1" 200 1024
WARNING 2019-03-05 16:18:59,763 base 152 Not Found: /cart/count/
WARNING 2019-03-05 16:18:59,776 basehttp 124 "GET /cart/count/ HTTP/1.1" 404 5066
WARNING 2019-03-05 16:19:03,237 base 152 Not Found: /cart/count/
WARNING 2019-03-05 16:19:03,238 basehttp 124 "GET /cart/count/ HTTP/1.1" 404 5066
INFO 2019-03-05 16:19:03,589 basehttp 124 "GET /category/43/ HTTP/1.1" 200 74
INFO 2019-03-05 16:19:03,697 basehttp 124 "GET /goods/?category=43&ordering=create_time HTTP/1.1" 200 8526
INFO 2019-03-05 16:19:06,450 basehttp 124 "GET /goods/?category=43&ordering=sales HTTP/1.1" 200 8526
INFO 2019-03-05 16:19:07,137 basehttp 124 "GET /goods/?category=43&ordering=sell_price HTTP/1.1" 200 8526
INFO 2019-03-05 16:19:08,076 basehttp 124 "GET /goods/?category=43&ordering=-sell_price HTTP/1.1" 200 8526
INFO 2019-03-05 16:19:09,096 basehttp 124 "GET /goods/?category=43&ordering=sell_price HTTP/1.1" 200 8526
INFO 2019-03-05 16:19:11,231 basehttp 124 "GET /category/40/ HTTP/1.1" 200 46
INFO 2019-03-05 16:19:11,352 basehttp 124 "GET /goods/?category=40&ordering=create_time HTTP/1.1" 200 30905
WARNING 2019-03-05 16:19:11,506 base 152 Not Found: /cart/count/
WARNING 2019-03-05 16:19:11,510 basehttp 124 "GET /cart/count/ HTTP/1.1" 404 5066
INFO 2019-03-05 16:19:21,836 basehttp 124 "GET /goods/?category=40&ordering=sell_price HTTP/1.1" 200 30905
INFO 2019-03-05 16:19:22,759 basehttp 124 "GET /goods/?category=40&ordering=-sell_price HTTP/1.1" 200 30905
INFO 2019-03-05 16:19:24,076 basehttp 124 "GET /goods/?category=40&ordering=sell_price HTTP/1.1" 200 30905
INFO 2019-03-05 16:19:25,673 basehttp 124 "GET /goods/?category=40&ordering=-sell_price HTTP/1.1" 200 30905
INFO 2019-03-05 16:19:26,398 basehttp 124 "GET /goods/?category=40&ordering=sell_price HTTP/1.1" 200 30905
INFO 2019-03-05 16:19:27,499 basehttp 124 "GET /goods/?category=40&ordering=sales HTTP/1.1" 200 30905
INFO 2019-03-05 16:19:28,285 basehttp 124 "GET /goods/?category=40&ordering=sell_price HTTP/1.1" 200 30905
INFO 2019-03-05 16:19:29,018 basehttp 124 "GET /goods/?category=40&ordering=-sell_price HTTP/1.1" 200 30905
INFO 2019-03-05 16:19:29,828 basehttp 124 "GET /goods/?category=40&ordering=sell_price HTTP/1.1" 200 30905
INFO 2019-03-05 16:19:31,067 basehttp 124 "GET /goods/?category=40&ordering=sales HTTP/1.1" 200 30905
INFO 2019-03-05 16:19:31,671 basehttp 124 "GET /goods/?category=40&ordering=create_time HTTP/1.1" 200 30905
INFO 2019-03-05 16:19:57,343 basehttp 124 "GET /category/40/ HTTP/1.1" 200 46
INFO 2019-03-05 16:19:57,524 basehttp 124 "GET /goods/?category=40&ordering=create_time HTTP/1.1" 200 30905
WARNING 2019-03-05 16:19:57,577 base 152 Not Found: /cart/count/
WARNING 2019-03-05 16:19:57,579 basehttp 124 "GET /cart/count/ HTTP/1.1" 404 5066
INFO 2019-03-05 16:19:59,034 basehttp 124 "GET /goods/?category=40&ordering=-sell_price HTTP/1.1" 200 30905
INFO 2019-03-05 16:19:59,850 basehttp 124 "GET /goods/?category=40&ordering=sell_price HTTP/1.1" 200 30905
INFO 2019-03-05 16:20:00,421 basehttp 124 "GET /goods/?category=40&ordering=sales HTTP/1.1" 200 30905
INFO 2019-03-05 16:20:00,967 basehttp 124 "GET /goods/?category=40&ordering=create_time HTTP/1.1" 200 30905
INFO 2019-03-05 16:20:17,591 basehttp 124 "GET /category/40/ HTTP/1.1" 200 46
INFO 2019-03-05 16:20:17,673 basehttp 124 "GET /goods/?category=40&ordering=create_time HTTP/1.1" 200 30905
WARNING 2019-03-05 16:20:17,765 base 152 Not Found: /cart/count/
WARNING 2019-03-05 16:20:17,767 basehttp 124 "GET /cart/count/ HTTP/1.1" 404 5066
INFO 2019-03-05 16:20:19,298 basehttp 124 "GET /goods/?category=40&ordering=sales HTTP/1.1" 200 30905
INFO 2019-03-05 16:20:20,005 basehttp 124 "GET /goods/?category=40&ordering=create_time HTTP/1.1" 200 30905
INFO 2019-03-05 16:20:20,648 basehttp 124 "GET /goods/?category=40&ordering=sales HTTP/1.1" 200 30905
INFO 2019-03-05 16:20:21,264 basehttp 124 "GET /goods/?category=40&ordering=sell_price HTTP/1.1" 200 30905
INFO 2019-03-05 16:20:21,903 basehttp 124 "GET /goods/?category=40&ordering=-sell_price HTTP/1.1" 200 30905
WARNING 2019-03-05 16:20:24,313 base 152 Not Found: /cart/count/
WARNING 2019-03-05 16:20:24,314 basehttp 124 "GET /cart/count/ HTTP/1.1" 404 5066
WARNING 2019-03-05 16:20:27,598 base 152 Not Found: /cart/count/
WARNING 2019-03-05 16:20:27,600 basehttp 124 "GET /cart/count/ HTTP/1.1" 404 5066
INFO 2019-03-05 16:20:27,831 basehttp 124 "GET /goods/recommend/ HTTP/1.1" 200 1024
INFO 2019-03-05 16:20:28,372 basehttp 124 "GET /goods/category/ HTTP/1.1" 200 77883
INFO 2019-03-05 16:20:32,975 basehttp 124 "GET /goods/recommend/ HTTP/1.1" 200 1024
INFO 2019-03-05 16:20:33,010 basehttp 124 "GET /goods/88/ HTTP/1.1" 200 4408
WARNING 2019-03-05 16:20:33,268 base 152 Not Found: /cart/count/
WARNING 2019-03-05 16:20:33,278 basehttp 124 "GET /cart/count/ HTTP/1.1" 404 5066
WARNING 2019-03-05 16:20:35,651 base 152 Not Found: /news/top/
WARNING 2019-03-05 16:20:35,664 basehttp 124 "GET /news/top/ HTTP/1.1" 404 5060
WARNING 2019-03-05 16:20:35,676 base 152 Not Found: /news/category/
WARNING 2019-03-05 16:20:35,677 basehttp 124 "GET /news/category/ HTTP/1.1" 404 5075
WARNING 2019-03-05 16:20:36,036 base 152 Not Found: /cart/count/
WARNING 2019-03-05 16:20:36,037 basehttp 124 "GET /cart/count/ HTTP/1.1" 404 5066
INFO 2019-03-05 16:20:39,808 basehttp 124 "GET /goods/recommend/ HTTP/1.1" 200 1024
WARNING 2019-03-05 16:20:40,145 base 152 Not Found: /cart/count/
WARNING 2019-03-05 16:20:40,146 basehttp 124 "GET /cart/count/ HTTP/1.1" 404 5066
INFO 2019-03-05 16:20:40,438 basehttp 124 "GET /goods/category/ HTTP/1.1" 200 77883
INFO 2019-03-05 16:20:43,144 basehttp 124 "GET /goods/recommend/ HTTP/1.1" 200 1024
INFO 2019-03-05 16:20:43,184 basehttp 124 "GET /goods/87/ HTTP/1.1" 200 2047
WARNING 2019-03-05 16:20:43,394 base 152 Not Found: /cart/count/
WARNING 2019-03-05 16:20:43,396 basehttp 124 "GET /cart/count/ HTTP/1.1" 404 5066
INFO 2019-03-05 16:20:46,522 basehttp 124 "GET /category/43/ HTTP/1.1" 200 74
INFO 2019-03-05 16:20:46,639 basehttp 124 "GET /goods/?category=43&ordering=create_time HTTP/1.1" 200 8526
WARNING 2019-03-05 16:20:46,681 base 152 Not Found: /cart/count/
WARNING 2019-03-05 16:20:46,682 basehttp 124 "GET /cart/count/ HTTP/1.1" 404 5066
INFO 2019-03-05 16:20:48,787 basehttp 124 "GET /category/40/ HTTP/1.1" 200 46
INFO 2019-03-05 16:20:48,947 basehttp 124 "GET /goods/?category=40&ordering=create_time HTTP/1.1" 200 30905
WARNING 2019-03-05 16:20:49,149 base 152 Not Found: /cart/count/
WARNING 2019-03-05 16:20:49,150 basehttp 124 "GET /cart/count/ HTTP/1.1" 404 5066
INFO 2019-03-05 16:22:14,768 basehttp 124 "GET /category/40/ HTTP/1.1" 200 46
INFO 2019-03-05 16:22:14,954 basehttp 124 "GET /goods/?category=40&ordering=create_time HTTP/1.1" 200 30905
WARNING 2019-03-05 16:22:15,036 base 152 Not Found: /cart/count/
WARNING 2019-03-05 16:22:15,037 basehttp 124 "GET /cart/count/ HTTP/1.1" 404 5066
INFO 2019-03-05 16:22:27,413 basehttp 124 "GET /category/40/ HTTP/1.1" 200 46
INFO 2019-03-05 16:22:27,427 basehttp 124 "GET /goods/?category=40&ordering=create_time HTTP/1.1" 200 30905
WARNING 2019-03-05 16:22:27,585 base 152 Not Found: /cart/count/
WARNING 2019-03-05 16:22:27,591 basehttp 124 "GET /cart/count/ HTTP/1.1" 404 5066
INFO 2019-03-05 16:22:30,492 basehttp 124 "GET /goods/?category=40&ordering=sales HTTP/1.1" 200 30905
INFO 2019-03-05 16:22:30,973 basehttp 124 "GET /goods/?category=40&ordering=sell_price HTTP/1.1" 200 30905
INFO 2019-03-05 16:22:31,581 basehttp 124 "GET /goods/?category=40&ordering=-sell_price HTTP/1.1" 200 30905
INFO 2019-03-05 16:22:33,141 basehttp 124 "GET /category/40/ HTTP/1.1" 200 46
INFO 2019-03-05 16:22:33,308 basehttp 124 "GET /goods/?category=40&ordering=create_time HTTP/1.1" 200 30905
WARNING 2019-03-05 16:22:33,427 base 152 Not Found: /cart/count/
WARNING 2019-03-05 16:22:33,428 basehttp 124 "GET /cart/count/ HTTP/1.1" 404 5066
INFO 2019-03-05 16:22:36,892 basehttp 124 "GET /goods/recommend/ HTTP/1.1" 200 1024
INFO 2019-03-05 16:22:36,893 basehttp 124 "GET /goods/87/ HTTP/1.1" 200 2047
WARNING 2019-03-05 16:22:37,171 base 152 Not Found: /cart/count/
WARNING 2019-03-05 16:22:37,173 basehttp 124 "GET /cart/count/ HTTP/1.1" 404 5066
INFO 2019-03-05 16:22:39,091 basehttp 124 "GET /category/43/ HTTP/1.1" 200 74
INFO 2019-03-05 16:22:39,184 basehttp 124 "GET /goods/?category=43&ordering=create_time HTTP/1.1" 200 8526
WARNING 2019-03-05 16:22:39,398 base 152 Not Found: /cart/count/
WARNING 2019-03-05 16:22:39,400 basehttp 124 "GET /cart/count/ HTTP/1.1" 404 5066
INFO 2019-03-05 16:24:11,335 basehttp 124 "GET /category/43/ HTTP/1.1" 200 74
INFO 2019-03-05 16:24:11,586 basehttp 124 "GET /goods/?category=43&ordering=create_time HTTP/1.1" 200 8576
WARNING 2019-03-05 16:24:11,587 base 152 Not Found: /cart/count/
WARNING 2019-03-05 16:24:11,611 basehttp 124 "GET /cart/count/ HTTP/1.1" 404 5066
INFO 2019-03-05 16:24:13,231 basehttp 124 "GET /goods/?category=43&ordering=sell_price HTTP/1.1" 200 8576
INFO 2019-03-05 16:24:14,406 basehttp 124 "GET /goods/?category=43&ordering=-sell_price HTTP/1.1" 200 8576
INFO 2019-03-05 16:24:15,210 basehttp 124 "GET /goods/?category=43&ordering=sell_price HTTP/1.1" 200 8576
INFO 2019-03-05 16:24:15,805 basehttp 124 "GET /goods/?category=43&ordering=sales HTTP/1.1" 200 8576
WARNING 2019-03-05 16:25:53,333 base 152 Not Found: /cart/count/
WARNING 2019-03-05 16:25:53,338 basehttp 124 "GET /cart/count/ HTTP/1.1" 404 5066
INFO 2019-03-05 16:25:53,729 basehttp 124 "GET /goods/recommend/ HTTP/1.1" 200 1024
INFO 2019-03-05 16:25:54,098 basehttp 124 "GET /goods/category/ HTTP/1.1" 200 77883
INFO 2019-03-05 16:25:56,518 basehttp 124 "GET /goods/recommend/ HTTP/1.1" 200 1024
INFO 2019-03-05 16:25:56,540 basehttp 124 "GET /goods/87/ HTTP/1.1" 200 2047
WARNING 2019-03-05 16:25:56,763 base 152 Not Found: /cart/count/
WARNING 2019-03-05 16:25:56,764 basehttp 124 "GET /cart/count/ HTTP/1.1" 404 5066
INFO 2019-03-05 16:26:00,781 basehttp 124 "GET /category/43/ HTTP/1.1" 200 74
INFO 2019-03-05 16:26:00,911 basehttp 124 "GET /goods/?category=43&ordering=create_time HTTP/1.1" 200 8576
WARNING 2019-03-05 16:26:00,979 base 152 Not Found: /cart/count/
WARNING 2019-03-05 16:26:00,981 basehttp 124 "GET /cart/count/ HTTP/1.1" 404 5066
INFO 2019-03-05 16:27:49,496 basehttp 124 "GET / HTTP/1.1" 200 5185
INFO 2019-03-05 16:27:49,577 basehttp 124 "GET /static/rest_framework/css/bootstrap.min.css HTTP/1.1" 304 0
INFO 2019-03-05 16:27:49,578 basehttp 124 "GET /static/rest_framework/css/bootstrap-tweaks.css HTTP/1.1" 304 0
INFO 2019-03-05 16:27:49,591 basehttp 124 "GET /static/rest_framework/js/csrf.js HTTP/1.1" 304 0
INFO 2019-03-05 16:27:49,592 basehttp 124 "GET /static/rest_framework/js/jquery-3.3.1.min.js HTTP/1.1" 304 0
INFO 2019-03-05 16:27:49,594 basehttp 124 "GET /static/rest_framework/js/ajax-form.js HTTP/1.1" 304 0
INFO 2019-03-05 16:27:49,596 basehttp 124 "GET /static/rest_framework/css/prettify.css HTTP/1.1" 304 0
INFO 2019-03-05 16:27:49,601 basehttp 124 "GET /static/rest_framework/css/default.css HTTP/1.1" 304 0
INFO 2019-03-05 16:27:49,609 basehttp 124 "GET /static/rest_framework/js/prettify-min.js HTTP/1.1" 304 0
INFO 2019-03-05 16:27:49,614 basehttp 124 "GET /static/rest_framework/js/default.js HTTP/1.1" 304 0
INFO 2019-03-05 16:27:49,618 basehttp 124 "GET /static/rest_framework/js/bootstrap.min.js HTTP/1.1" 304 0
INFO 2019-03-05 16:27:49,851 basehttp 124 "GET /static/rest_framework/img/grid.png HTTP/1.1" 304 0
WARNING 2019-03-05 16:27:50,185 base 152 Not Found: /favicon.ico
WARNING 2019-03-05 16:27:50,186 basehttp 124 "GET /favicon.ico HTTP/1.1" 404 5066
ERROR 2019-03-05 16:28:21,724 exception 135 Internal Server Error: /goods/
Traceback (most recent call last):
  File "/home/python/.virtualenvs/chen_cms_django/lib/python3.5/site-packages/django/utils/datastructures.py", line 83, in __getitem__
    list_ = super(MultiValueDict, self).__getitem__(key)
KeyError: 'category'

During handling of the above exception, another exception occurred:

Traceback (most recent call last):
  File "/home/python/.virtualenvs/chen_cms_django/lib/python3.5/site-packages/django/core/handlers/exception.py", line 41, in inner
    response = get_response(request)
  File "/home/python/.virtualenvs/chen_cms_django/lib/python3.5/site-packages/django/core/handlers/base.py", line 187, in _get_response
    response = self.process_exception_by_middleware(e, request)
  File "/home/python/.virtualenvs/chen_cms_django/lib/python3.5/site-packages/django/core/handlers/base.py", line 185, in _get_response
    response = wrapped_callback(request, *callback_args, **callback_kwargs)
  File "/home/python/.virtualenvs/chen_cms_django/lib/python3.5/site-packages/django/views/decorators/csrf.py", line 58, in wrapped_view
    return view_func(*args, **kwargs)
  File "/home/python/.virtualenvs/chen_cms_django/lib/python3.5/site-packages/rest_framework/viewsets.py", line 116, in view
    return self.dispatch(request, *args, **kwargs)
  File "/home/python/.virtualenvs/chen_cms_django/lib/python3.5/site-packages/rest_framework/views.py", line 495, in dispatch
    response = self.handle_exception(exc)
  File "/home/python/.virtualenvs/chen_cms_django/lib/python3.5/site-packages/rest_framework/views.py", line 455, in handle_exception
    self.raise_uncaught_exception(exc)
  File "/home/python/.virtualenvs/chen_cms_django/lib/python3.5/site-packages/rest_framework/views.py", line 492, in dispatch
    response = handler(request, *args, **kwargs)
  File "/home/python/Desktop/python_files/cmstest/cmstest/cmstest/apps/goods/views.py", line 69, in list
    cat_id = request.query_params['category']
  File "/home/python/.virtualenvs/chen_cms_django/lib/python3.5/site-packages/django/utils/datastructures.py", line 85, in __getitem__
    raise MultiValueDictKeyError(repr(key))
django.utils.datastructures.MultiValueDictKeyError: "'category'"
ERROR 2019-03-05 16:28:21,835 basehttp 124 "GET /goods/ HTTP/1.1" 500 105367
INFO 2019-03-05 16:28:35,071 basehttp 124 "GET /goods/?category=40 HTTP/1.1" 200 50782
INFO 2019-03-05 16:28:35,148 basehttp 124 "GET /static/rest_framework/fonts/glyphicons-halflings-regular.woff2 HTTP/1.1" 200 18028
INFO 2019-03-05 16:30:24,012 basehttp 124 "GET /goods/?category=44 HTTP/1.1" 200 37256
INFO 2019-03-05 16:30:28,072 basehttp 124 "GET /goods/?category=44 HTTP/1.1" 200 37256
INFO 2019-03-05 16:31:08,858 basehttp 124 "GET /category/43/ HTTP/1.1" 200 74
INFO 2019-03-05 16:31:08,982 basehttp 124 "GET /goods/?category=43&ordering=create_time HTTP/1.1" 200 8526
WARNING 2019-03-05 16:31:09,126 base 152 Not Found: /cart/count/
WARNING 2019-03-05 16:31:09,129 basehttp 124 "GET /cart/count/ HTTP/1.1" 404 5066
INFO 2019-03-05 16:31:12,056 basehttp 124 "GET /category/43/ HTTP/1.1" 200 74
INFO 2019-03-05 16:31:12,112 basehttp 124 "GET /goods/?category=43&ordering=create_time HTTP/1.1" 200 8526
WARNING 2019-03-05 16:31:12,222 base 152 Not Found: /cart/count/
WARNING 2019-03-05 16:31:12,223 basehttp 124 "GET /cart/count/ HTTP/1.1" 404 5066
INFO 2019-03-05 16:31:14,241 basehttp 124 "GET /category/40/ HTTP/1.1" 200 46
INFO 2019-03-05 16:31:14,321 basehttp 124 "GET /goods/?category=40&ordering=create_time HTTP/1.1" 200 30905
WARNING 2019-03-05 16:31:14,410 base 152 Not Found: /cart/count/
WARNING 2019-03-05 16:31:14,412 basehttp 124 "GET /cart/count/ HTTP/1.1" 404 5066
INFO 2019-03-05 16:31:17,108 basehttp 124 "GET /category/40/ HTTP/1.1" 200 46
INFO 2019-03-05 16:31:17,209 basehttp 124 "GET /goods/?category=40&ordering=create_time HTTP/1.1" 200 30905
WARNING 2019-03-05 16:31:17,279 base 152 Not Found: /cart/count/
WARNING 2019-03-05 16:31:17,280 basehttp 124 "GET /cart/count/ HTTP/1.1" 404 5066
INFO 2019-03-05 16:31:33,784 basehttp 124 "GET /goods/recommend/ HTTP/1.1" 200 1024
WARNING 2019-03-05 16:31:33,873 base 152 Not Found: /cart/count/
WARNING 2019-03-05 16:31:33,905 basehttp 124 "GET /cart/count/ HTTP/1.1" 404 5066
INFO 2019-03-05 16:31:34,297 basehttp 124 "GET /goods/category/ HTTP/1.1" 200 77883
INFO 2019-03-05 16:31:39,839 basehttp 124 "GET /goods/recommend/ HTTP/1.1" 200 1024
INFO 2019-03-05 16:31:39,902 basehttp 124 "GET /goods/87/ HTTP/1.1" 200 2047
WARNING 2019-03-05 16:31:40,126 base 152 Not Found: /cart/count/
WARNING 2019-03-05 16:31:40,128 basehttp 124 "GET /cart/count/ HTTP/1.1" 404 5066
INFO 2019-03-05 16:31:51,114 basehttp 124 "GET /category/43/ HTTP/1.1" 200 74
INFO 2019-03-05 16:31:51,213 basehttp 124 "GET /goods/?category=43&ordering=create_time HTTP/1.1" 200 6574
WARNING 2019-03-05 16:31:51,398 base 152 Not Found: /cart/count/
WARNING 2019-03-05 16:31:51,400 basehttp 124 "GET /cart/count/ HTTP/1.1" 404 5066
INFO 2019-03-05 16:32:12,200 basehttp 124 "GET /goods/?category=43&ordering=create_time HTTP/1.1" 200 18369
INFO 2019-03-05 16:33:41,903 basehttp 124 "GET /goods/?category=43&ordering=create_time HTTP/1.1" 200 20848
INFO 2019-03-05 16:33:41,947 basehttp 124 "GET /static/rest_framework/css/bootstrap.min.css HTTP/1.1" 304 0
INFO 2019-03-05 16:33:41,950 basehttp 124 "GET /static/rest_framework/css/bootstrap-tweaks.css HTTP/1.1" 304 0
INFO 2019-03-05 16:33:41,954 basehttp 124 "GET /static/rest_framework/css/prettify.css HTTP/1.1" 304 0
INFO 2019-03-05 16:33:41,961 basehttp 124 "GET /static/rest_framework/css/default.css HTTP/1.1" 304 0
INFO 2019-03-05 16:33:41,965 basehttp 124 "GET /static/rest_framework/js/jquery-3.3.1.min.js HTTP/1.1" 304 0
INFO 2019-03-05 16:33:41,969 basehttp 124 "GET /static/rest_framework/js/ajax-form.js HTTP/1.1" 304 0
INFO 2019-03-05 16:33:41,980 basehttp 124 "GET /static/rest_framework/js/csrf.js HTTP/1.1" 304 0
INFO 2019-03-05 16:33:41,985 basehttp 124 "GET /static/rest_framework/js/bootstrap.min.js HTTP/1.1" 304 0
INFO 2019-03-05 16:33:41,990 basehttp 124 "GET /static/rest_framework/js/prettify-min.js HTTP/1.1" 304 0
INFO 2019-03-05 16:33:41,995 basehttp 124 "GET /static/rest_framework/js/default.js HTTP/1.1" 304 0
INFO 2019-03-05 16:33:42,036 basehttp 124 "GET /static/rest_framework/fonts/glyphicons-halflings-regular.woff2 HTTP/1.1" 304 0
INFO 2019-03-05 16:37:39,449 basehttp 124 "GET /goods/87/ HTTP/1.1" 200 8464
INFO 2019-03-05 16:39:44,765 basehttp 124 "GET /category/43/ HTTP/1.1" 200 74
INFO 2019-03-05 16:39:44,816 basehttp 124 "GET /goods/?category=43&ordering=create_time HTTP/1.1" 200 8576
WARNING 2019-03-05 16:39:44,983 base 152 Not Found: /cart/count/
WARNING 2019-03-05 16:39:44,985 basehttp 124 "GET /cart/count/ HTTP/1.1" 404 5066
INFO 2019-03-05 16:39:45,812 basehttp 124 "GET /goods/?category=43&ordering=create_time HTTP/1.1" 200 20848
INFO 2019-03-05 16:40:03,701 basehttp 124 "GET /category/43/ HTTP/1.1" 200 74
INFO 2019-03-05 16:40:03,735 basehttp 124 "GET /goods/?category=43&ordering=create_time HTTP/1.1" 200 8576
WARNING 2019-03-05 16:40:03,910 base 152 Not Found: /cart/count/
WARNING 2019-03-05 16:40:03,911 basehttp 124 "GET /cart/count/ HTTP/1.1" 404 5066
INFO 2019-03-05 16:40:04,120 basehttp 124 "GET /goods/?category=43&ordering=create_time HTTP/1.1" 200 20848
INFO 2019-03-05 16:40:04,179 basehttp 124 "GET /static/rest_framework/css/bootstrap.min.css HTTP/1.1" 304 0
INFO 2019-03-05 16:40:04,180 basehttp 124 "GET /static/rest_framework/css/bootstrap-tweaks.css HTTP/1.1" 304 0
INFO 2019-03-05 16:40:04,182 basehttp 124 "GET /static/rest_framework/css/prettify.css HTTP/1.1" 304 0
INFO 2019-03-05 16:40:04,185 basehttp 124 "GET /static/rest_framework/css/default.css HTTP/1.1" 304 0
INFO 2019-03-05 16:40:04,197 basehttp 124 "GET /static/rest_framework/js/jquery-3.3.1.min.js HTTP/1.1" 304 0
INFO 2019-03-05 16:40:04,209 basehttp 124 "GET /static/rest_framework/js/csrf.js HTTP/1.1" 304 0
INFO 2019-03-05 16:40:04,213 basehttp 124 "GET /static/rest_framework/js/ajax-form.js HTTP/1.1" 304 0
INFO 2019-03-05 16:40:04,215 basehttp 124 "GET /static/rest_framework/js/bootstrap.min.js HTTP/1.1" 304 0
INFO 2019-03-05 16:40:04,222 basehttp 124 "GET /static/rest_framework/js/prettify-min.js HTTP/1.1" 304 0
INFO 2019-03-05 16:40:04,229 basehttp 124 "GET /static/rest_framework/js/default.js HTTP/1.1" 304 0
INFO 2019-03-05 16:40:04,308 basehttp 124 "GET /static/rest_framework/fonts/glyphicons-halflings-regular.woff2 HTTP/1.1" 304 0
INFO 2019-03-05 16:40:06,719 basehttp 124 "GET /category/43/ HTTP/1.1" 200 74
INFO 2019-03-05 16:40:06,774 basehttp 124 "GET /goods/?category=43&ordering=create_time HTTP/1.1" 200 8576
WARNING 2019-03-05 16:40:06,916 base 152 Not Found: /cart/count/
WARNING 2019-03-05 16:40:06,919 basehttp 124 "GET /cart/count/ HTTP/1.1" 404 5066
INFO 2019-03-05 16:40:08,284 basehttp 124 "GET /goods/?category=43&ordering=sales HTTP/1.1" 200 8576
INFO 2019-03-05 16:40:08,811 basehttp 124 "GET /goods/?category=43&ordering=sell_price HTTP/1.1" 200 8576
INFO 2019-03-05 16:40:09,978 basehttp 124 "GET /goods/?category=43&ordering=-sell_price HTTP/1.1" 200 8576
INFO 2019-03-05 16:40:13,700 basehttp 124 "GET /category/40/ HTTP/1.1" 200 46
INFO 2019-03-05 16:40:13,833 basehttp 124 "GET /goods/?category=40&ordering=create_time HTTP/1.1" 200 30955
WARNING 2019-03-05 16:40:13,925 base 152 Not Found: /cart/count/
WARNING 2019-03-05 16:40:13,927 basehttp 124 "GET /cart/count/ HTTP/1.1" 404 5066
INFO 2019-03-05 16:40:16,343 basehttp 124 "GET /goods/recommend/ HTTP/1.1" 200 1024
INFO 2019-03-05 16:40:16,388 basehttp 124 "GET /goods/87/ HTTP/1.1" 200 2047
WARNING 2019-03-05 16:40:16,569 base 152 Not Found: /cart/count/
WARNING 2019-03-05 16:40:16,572 basehttp 124 "GET /cart/count/ HTTP/1.1" 404 5066
INFO 2019-03-05 16:40:19,230 basehttp 124 "GET /goods/recommend/ HTTP/1.1" 200 1024
WARNING 2019-03-05 16:40:19,765 base 152 Not Found: /cart/count/
WARNING 2019-03-05 16:40:19,769 basehttp 124 "GET /cart/count/ HTTP/1.1" 404 5066
INFO 2019-03-05 16:40:19,923 basehttp 124 "GET /goods/category/ HTTP/1.1" 200 77883
INFO 2019-03-05 16:40:26,133 basehttp 124 "GET /goods/recommend/ HTTP/1.1" 200 1024
INFO 2019-03-05 16:40:26,151 basehttp 124 "GET /goods/87/ HTTP/1.1" 200 2047
WARNING 2019-03-05 16:40:26,336 base 152 Not Found: /cart/count/
WARNING 2019-03-05 16:40:26,355 basehttp 124 "GET /cart/count/ HTTP/1.1" 404 5066
INFO 2019-03-05 16:40:32,397 basehttp 124 "GET /category/43/ HTTP/1.1" 200 74
INFO 2019-03-05 16:40:32,482 basehttp 124 "GET /goods/?category=43&ordering=create_time HTTP/1.1" 200 8576
WARNING 2019-03-05 16:40:32,642 base 152 Not Found: /cart/count/
WARNING 2019-03-05 16:40:32,643 basehttp 124 "GET /cart/count/ HTTP/1.1" 404 5066
INFO 2019-03-05 16:40:35,345 basehttp 124 "GET /category/40/ HTTP/1.1" 200 46
INFO 2019-03-05 16:40:35,502 basehttp 124 "GET /goods/?category=40&ordering=create_time HTTP/1.1" 200 30955
WARNING 2019-03-05 16:40:35,608 base 152 Not Found: /cart/count/
WARNING 2019-03-05 16:40:35,610 basehttp 124 "GET /cart/count/ HTTP/1.1" 404 5066
